<?xml version="1.0" encoding="utf-8"?><testsuite errors="0" failures="0" name="pytest" skips="0" tests="3" time="195.634"><testcase classname="TestCases.test_invest" file="TestCases\test_invest.py" line="33" name="test_hello" time="0.003499269485473633"></testcase><testcase classname="TestCases.test_invest.Test_Invest" file="TestCases\test_invest.py" line="40" name="test_invest_success" time="82.04295492172241"><system-err> Wed, 15 Aug 2018 10:48:56  INFO login_page.py login [ line:20 ] 登陆页面：登陆功能。
 Wed, 15 Aug 2018 10:48:56  INFO BasePage.py input_text [ line:135 ] =====执行输入操作======
输入的数据为：18684720553
 Wed, 15 Aug 2018 10:48:56  INFO BasePage.py find_element [ line:71 ] 当前元素定位类型：xpath，当前查找的元素表达式为：//input[@name=&quot;phone&quot;]
 Wed, 15 Aug 2018 10:48:56  INFO BasePage.py find_element [ line:73 ] 开始等待元素在当前页面可见。
 Wed, 15 Aug 2018 10:48:56  INFO BasePage.py wait_eleVisible [ line:31 ] 等待结束，等待开始时间：1534301336.301768，结束等待时间：1534301336.346773等待时间长为: 0.045004844665527344
 Wed, 15 Aug 2018 10:48:56  INFO BasePage.py input_text [ line:135 ] =====执行输入操作======
输入的数据为：python
 Wed, 15 Aug 2018 10:48:56  INFO BasePage.py find_element [ line:71 ] 当前元素定位类型：xpath，当前查找的元素表达式为：//input[@name=&quot;password&quot;]
 Wed, 15 Aug 2018 10:48:56  INFO BasePage.py find_element [ line:73 ] 开始等待元素在当前页面可见。
 Wed, 15 Aug 2018 10:48:56  INFO BasePage.py wait_eleVisible [ line:31 ] 等待结束，等待开始时间：1534301336.48782，结束等待时间：1534301336.540797等待时间长为: 0.05297708511352539
 Wed, 15 Aug 2018 10:48:56  INFO BasePage.py click [ line:114 ] =====执行点击事件======
 Wed, 15 Aug 2018 10:48:56  INFO BasePage.py find_element [ line:71 ] 当前元素定位类型：xpath，当前查找的元素表达式为：//button
 Wed, 15 Aug 2018 10:48:56  INFO BasePage.py find_element [ line:73 ] 开始等待元素在当前页面可见。
 Wed, 15 Aug 2018 10:48:56  INFO BasePage.py wait_eleVisible [ line:31 ] 等待结束，等待开始时间：1534301336.64684，结束等待时间：1534301336.687346等待时间长为: 0.04050588607788086
 Wed, 15 Aug 2018 10:48:56  INFO home_page.py click_firstBid [ line:20 ] 首页：点击第一个标的投抢标按钮。
 Wed, 15 Aug 2018 10:48:56  INFO BasePage.py click [ line:114 ] =====执行点击事件======
 Wed, 15 Aug 2018 10:48:56  INFO BasePage.py find_element [ line:71 ] 当前元素定位类型：xpath，当前查找的元素表达式为：//a[text()=&quot;抢投标&quot;]
 Wed, 15 Aug 2018 10:48:56  INFO BasePage.py find_element [ line:73 ] 开始等待元素在当前页面可见。
 Wed, 15 Aug 2018 10:49:18  INFO BasePage.py wait_eleVisible [ line:31 ] 等待结束，等待开始时间：1534301336.799859，结束等待时间：1534301358.321206等待时间长为: 21.521347045898438
 Wed, 15 Aug 2018 10:49:18  INFO BasePage.py scroll_intoView [ line:109 ] 将元素滚动到可见区域。
 Wed, 15 Aug 2018 10:49:39  INFO bid_page.py get_userLeftMoney [ line:20 ] 标详情页面：获取用户可用余额。
 Wed, 15 Aug 2018 10:49:39  INFO BasePage.py get_element_attribute [ line:160 ] =====获取元素的属性值：data-amount
 Wed, 15 Aug 2018 10:49:39  INFO BasePage.py find_element [ line:71 ] 当前元素定位类型：xpath，当前查找的元素表达式为：//input[@data-url=&quot;/Invest/invest&quot;]
 Wed, 15 Aug 2018 10:49:39  INFO BasePage.py find_element [ line:73 ] 开始等待元素在当前页面可见。
 Wed, 15 Aug 2018 10:49:39  INFO BasePage.py wait_eleVisible [ line:31 ] 等待结束，等待开始时间：1534301379.716127，结束等待时间：1534301379.757626等待时间长为: 0.04149913787841797
 Wed, 15 Aug 2018 10:49:39  INFO bid_page.py invest [ line:26 ] 标页面：投资操作。
 Wed, 15 Aug 2018 10:49:39  INFO BasePage.py input_text [ line:135 ] =====执行输入操作======
输入的数据为：200
 Wed, 15 Aug 2018 10:49:39  INFO BasePage.py find_element [ line:71 ] 当前元素定位类型：xpath，当前查找的元素表达式为：//input[@data-url=&quot;/Invest/invest&quot;]
 Wed, 15 Aug 2018 10:49:39  INFO BasePage.py find_element [ line:73 ] 开始等待元素在当前页面可见。
 Wed, 15 Aug 2018 10:49:39  INFO BasePage.py wait_eleVisible [ line:31 ] 等待结束，等待开始时间：1534301379.777128，结束等待时间：1534301379.79763等待时间长为: 0.020502090454101562
 Wed, 15 Aug 2018 10:49:39  INFO BasePage.py scroll_intoView [ line:109 ] 将元素滚动到可见区域。
 Wed, 15 Aug 2018 10:49:39  INFO BasePage.py click [ line:114 ] =====执行点击事件======
 Wed, 15 Aug 2018 10:49:39  INFO BasePage.py find_element [ line:71 ] 当前元素定位类型：xpath，当前查找的元素表达式为：//button[text()=&apos;投标&apos;]
 Wed, 15 Aug 2018 10:49:39  INFO BasePage.py find_element [ line:73 ] 开始等待元素在当前页面可见。
 Wed, 15 Aug 2018 10:49:39  INFO BasePage.py wait_eleVisible [ line:31 ] 等待结束，等待开始时间：1534301379.918647，结束等待时间：1534301379.963152等待时间长为: 0.04450488090515137
 Wed, 15 Aug 2018 10:49:39  INFO BasePage.py scroll_intoView [ line:109 ] 将元素滚动到可见区域。
 Wed, 15 Aug 2018 10:49:40  INFO bid_page.py click_button_on_investSuccessPopup [ line:34 ] 标页面：投资成功，点击弹出框中的【查看并激活】按钮。
 Wed, 15 Aug 2018 10:49:40  INFO BasePage.py click [ line:114 ] =====执行点击事件======
 Wed, 15 Aug 2018 10:49:40  INFO BasePage.py find_element [ line:71 ] 当前元素定位类型：xpath，当前查找的元素表达式为：//div[contains(@class,&quot;layui-layer-page&quot;)]//button
 Wed, 15 Aug 2018 10:49:40  INFO BasePage.py find_element [ line:73 ] 开始等待元素在当前页面可见。
 Wed, 15 Aug 2018 10:49:41  INFO BasePage.py wait_eleVisible [ line:31 ] 等待结束，等待开始时间：1534301380.108638，结束等待时间：1534301381.179704等待时间长为: 1.071065902709961
 Wed, 15 Aug 2018 10:50:05  INFO user_page.py get_userLeftMoney [ line:14 ] 用户个人页面：获取用户个人余额。
 Wed, 15 Aug 2018 10:50:05  INFO BasePage.py get_text [ line:147 ] =====获取元素的文本内容======
 Wed, 15 Aug 2018 10:50:05  INFO BasePage.py find_element [ line:71 ] 当前元素定位类型：xpath，当前查找的元素表达式为：//*[@class=&quot;personal_info&quot;]//li[@class=&quot;color_sub&quot;]
 Wed, 15 Aug 2018 10:50:05  INFO BasePage.py find_element [ line:73 ] 开始等待元素在当前页面可见。
 Wed, 15 Aug 2018 10:50:05  INFO BasePage.py wait_eleVisible [ line:31 ] 等待结束，等待开始时间：1534301405.213344，结束等待时间：1534301405.264382等待时间长为: 0.05103778839111328
 Wed, 15 Aug 2018 10:50:05  INFO BasePage.py scroll_intoView [ line:109 ] 将元素滚动到可见区域。
 Wed, 15 Aug 2018 10:50:05  INFO test_invest.py test_invest_success [ line:58 ] 开始比对：比对用户余额是否减少了投资的金额。
</system-err></testcase><testcase classname="TestCases.test_login.Test_Login" file="TestCases\test_login.py" line="15" name="test_login_success" time="113.20373821258545"><system-err> Wed, 15 Aug 2018 10:51:36  INFO login_page.py login [ line:20 ] 登陆页面：登陆功能。
 Wed, 15 Aug 2018 10:51:36  INFO BasePage.py input_text [ line:135 ] =====执行输入操作======
输入的数据为：18684720553
 Wed, 15 Aug 2018 10:51:36  INFO BasePage.py find_element [ line:71 ] 当前元素定位类型：xpath，当前查找的元素表达式为：//input[@name=&quot;phone&quot;]
 Wed, 15 Aug 2018 10:51:36  INFO BasePage.py find_element [ line:73 ] 开始等待元素在当前页面可见。
 Wed, 15 Aug 2018 10:51:36  INFO BasePage.py wait_eleVisible [ line:31 ] 等待结束，等待开始时间：1534301496.354，结束等待时间：1534301496.400507等待时间长为: 0.04650688171386719
 Wed, 15 Aug 2018 10:51:36  INFO BasePage.py input_text [ line:135 ] =====执行输入操作======
输入的数据为：python
 Wed, 15 Aug 2018 10:51:36  INFO BasePage.py find_element [ line:71 ] 当前元素定位类型：xpath，当前查找的元素表达式为：//input[@name=&quot;password&quot;]
 Wed, 15 Aug 2018 10:51:36  INFO BasePage.py find_element [ line:73 ] 开始等待元素在当前页面可见。
 Wed, 15 Aug 2018 10:51:36  INFO BasePage.py wait_eleVisible [ line:31 ] 等待结束，等待开始时间：1534301496.588531，结束等待时间：1534301496.640537等待时间长为: 0.05200600624084473
 Wed, 15 Aug 2018 10:51:36  INFO BasePage.py click [ line:114 ] =====执行点击事件======
 Wed, 15 Aug 2018 10:51:36  INFO BasePage.py find_element [ line:71 ] 当前元素定位类型：xpath，当前查找的元素表达式为：//button
 Wed, 15 Aug 2018 10:51:36  INFO BasePage.py find_element [ line:73 ] 开始等待元素在当前页面可见。
 Wed, 15 Aug 2018 10:51:36  INFO BasePage.py wait_eleVisible [ line:31 ] 等待结束，等待开始时间：1534301496.759553，结束等待时间：1534301496.803058等待时间长为: 0.043504953384399414
 Wed, 15 Aug 2018 10:51:36  INFO test_login.py test_login_success [ line:22 ] 断言：比对用户昵称是否相等。
 Wed, 15 Aug 2018 10:51:36  INFO home_page.py get_nickname [ line:15 ] 首页：获取用户昵称！
 Wed, 15 Aug 2018 10:51:36  INFO BasePage.py get_text [ line:147 ] =====获取元素的文本内容======
 Wed, 15 Aug 2018 10:51:36  INFO BasePage.py find_element [ line:71 ] 当前元素定位类型：xpath，当前查找的元素表达式为：//a[@href=&quot;/Member/index.html&quot;]
 Wed, 15 Aug 2018 10:51:36  INFO BasePage.py find_element [ line:73 ] 开始等待元素在当前页面可见。
 Wed, 15 Aug 2018 10:51:58  INFO BasePage.py wait_eleVisible [ line:31 ] 等待结束，等待开始时间：1534301496.900571，结束等待时间：1534301518.534056等待时间长为: 21.633484840393066
</system-err></testcase></testsuite>