<?xml version="1.0" encoding="utf-8"?><testsuite errors="0" failures="0" name="pytest" skips="0" tests="2" time="81.510"><testcase classname="TestCases.test_shopping_cart.Test_Shopping_cart" file="TestCases\test_shopping_cart.py" line="9" name="test_shopping_cart" time="59.49103808403015"><system-err> Sun, 16 Dec 2018 23:50:23  INFO BasePage.py click [ line:127 ] =====执行点击事件======
 Sun, 16 Dec 2018 23:50:23  INFO BasePage.py find_element [ line:84 ] 当前元素定位类型：xpath，当前查找的元素表达式为：//ul[@class=&apos;headNav clearfix&apos;]//a[text()=&apos;登录&apos;]
 Sun, 16 Dec 2018 23:50:23  INFO BasePage.py find_element [ line:86 ] 开始等待元素在当前页面可见。
 Sun, 16 Dec 2018 23:50:23  INFO BasePage.py wait_eleVisible [ line:37 ] 等待结束，等待时间长为:0.33秒
 Sun, 16 Dec 2018 23:50:24  INFO BasePage.py input_text [ line:148 ] =====执行输入操作======
输入的数据为：13819480751
 Sun, 16 Dec 2018 23:50:24  INFO BasePage.py find_element [ line:84 ] 当前元素定位类型：xpath，当前查找的元素表达式为：//input[@class=&apos;user mobile&apos;]
 Sun, 16 Dec 2018 23:50:24  INFO BasePage.py find_element [ line:86 ] 开始等待元素在当前页面可见。
 Sun, 16 Dec 2018 23:50:24  INFO BasePage.py wait_eleVisible [ line:37 ] 等待结束，等待时间长为:0.19秒
 Sun, 16 Dec 2018 23:50:25  INFO BasePage.py input_text [ line:148 ] =====执行输入操作======
输入的数据为：abc123
 Sun, 16 Dec 2018 23:50:25  INFO BasePage.py find_element [ line:84 ] 当前元素定位类型：xpath，当前查找的元素表达式为：//input[@name=&apos;paswrd&apos;]
 Sun, 16 Dec 2018 23:50:25  INFO BasePage.py find_element [ line:86 ] 开始等待元素在当前页面可见。
 Sun, 16 Dec 2018 23:50:25  INFO BasePage.py wait_eleVisible [ line:37 ] 等待结束，等待时间长为:0.04秒
 Sun, 16 Dec 2018 23:50:25  INFO BasePage.py find_element [ line:84 ] 当前元素定位类型：xpath，当前查找的元素表达式为：//input[@id=&apos;captchas&apos;]
 Sun, 16 Dec 2018 23:50:25  INFO BasePage.py find_element [ line:86 ] 开始等待元素在当前页面可见。
 Sun, 16 Dec 2018 23:50:25  INFO BasePage.py wait_eleVisible [ line:37 ] 等待结束，等待时间长为:0.05秒
 Sun, 16 Dec 2018 23:50:25  INFO BasePage.py find_element [ line:84 ] 当前元素定位类型：xpath，当前查找的元素表达式为：/html/body/div[4]/div/div/div[2]/div/div[3]/div/div/img
 Sun, 16 Dec 2018 23:50:25  INFO BasePage.py find_element [ line:86 ] 开始等待元素在当前页面可见。
 Sun, 16 Dec 2018 23:50:25  INFO BasePage.py wait_eleVisible [ line:37 ] 等待结束，等待时间长为:0.10秒
 Sun, 16 Dec 2018 23:50:29  INFO BasePage.py get_verification_code [ line:232 ] 识别的验证码为：7694
 Sun, 16 Dec 2018 23:50:29  INFO BasePage.py input_text [ line:148 ] =====执行输入操作======
输入的数据为：7694
 Sun, 16 Dec 2018 23:50:29  INFO BasePage.py find_element [ line:84 ] 当前元素定位类型：xpath，当前查找的元素表达式为：//input[@id=&apos;captchas&apos;]
 Sun, 16 Dec 2018 23:50:29  INFO BasePage.py find_element [ line:86 ] 开始等待元素在当前页面可见。
 Sun, 16 Dec 2018 23:50:29  INFO BasePage.py wait_eleVisible [ line:37 ] 等待结束，等待时间长为:0.05秒
 Sun, 16 Dec 2018 23:50:29  INFO BasePage.py click [ line:127 ] =====执行点击事件======
 Sun, 16 Dec 2018 23:50:29  INFO BasePage.py find_element [ line:84 ] 当前元素定位类型：xpath，当前查找的元素表达式为：//input[@class=&apos;btn btn_c&apos;]
 Sun, 16 Dec 2018 23:50:29  INFO BasePage.py find_element [ line:86 ] 开始等待元素在当前页面可见。
 Sun, 16 Dec 2018 23:50:29  INFO BasePage.py wait_eleVisible [ line:37 ] 等待结束，等待时间长为:0.04秒
 Sun, 16 Dec 2018 23:50:31  INFO BasePage.py find_element [ line:84 ] 当前元素定位类型：xpath，当前查找的元素表达式为：//input[@id=&apos;captchas&apos;]
 Sun, 16 Dec 2018 23:50:31  INFO BasePage.py find_element [ line:86 ] 开始等待元素在当前页面可见。
 Sun, 16 Dec 2018 23:50:31  INFO BasePage.py wait_eleVisible [ line:37 ] 等待结束，等待时间长为:0.03秒
 Sun, 16 Dec 2018 23:50:31  INFO BasePage.py find_element [ line:84 ] 当前元素定位类型：xpath，当前查找的元素表达式为：/html/body/div[4]/div/div/div[2]/div/div[3]/div/div/img
 Sun, 16 Dec 2018 23:50:31  INFO BasePage.py find_element [ line:86 ] 开始等待元素在当前页面可见。
 Sun, 16 Dec 2018 23:50:31  INFO BasePage.py wait_eleVisible [ line:37 ] 等待结束，等待时间长为:0.02秒
 Sun, 16 Dec 2018 23:50:32  INFO BasePage.py get_verification_code [ line:232 ] 识别的验证码为：6652
 Sun, 16 Dec 2018 23:50:32  INFO BasePage.py input_text [ line:148 ] =====执行输入操作======
输入的数据为：6652
 Sun, 16 Dec 2018 23:50:32  INFO BasePage.py find_element [ line:84 ] 当前元素定位类型：xpath，当前查找的元素表达式为：//input[@id=&apos;captchas&apos;]
 Sun, 16 Dec 2018 23:50:32  INFO BasePage.py find_element [ line:86 ] 开始等待元素在当前页面可见。
 Sun, 16 Dec 2018 23:50:32  INFO BasePage.py wait_eleVisible [ line:37 ] 等待结束，等待时间长为:0.02秒
 Sun, 16 Dec 2018 23:50:32  INFO BasePage.py click [ line:127 ] =====执行点击事件======
 Sun, 16 Dec 2018 23:50:32  INFO BasePage.py find_element [ line:84 ] 当前元素定位类型：xpath，当前查找的元素表达式为：//input[@class=&apos;btn btn_c&apos;]
 Sun, 16 Dec 2018 23:50:32  INFO BasePage.py find_element [ line:86 ] 开始等待元素在当前页面可见。
 Sun, 16 Dec 2018 23:50:32  INFO BasePage.py wait_eleVisible [ line:37 ] 等待结束，等待时间长为:0.03秒
 Sun, 16 Dec 2018 23:50:33  INFO BasePage.py find_element [ line:84 ] 当前元素定位类型：xpath，当前查找的元素表达式为：//input[@id=&apos;captchas&apos;]
 Sun, 16 Dec 2018 23:50:33  INFO BasePage.py find_element [ line:86 ] 开始等待元素在当前页面可见。
 Sun, 16 Dec 2018 23:50:33  INFO BasePage.py wait_eleVisible [ line:37 ] 等待结束，等待时间长为:0.03秒
 Sun, 16 Dec 2018 23:50:34  INFO BasePage.py find_element [ line:84 ] 当前元素定位类型：xpath，当前查找的元素表达式为：/html/body/div[4]/div/div/div[2]/div/div[3]/div/div/img
 Sun, 16 Dec 2018 23:50:34  INFO BasePage.py find_element [ line:86 ] 开始等待元素在当前页面可见。
 Sun, 16 Dec 2018 23:50:34  INFO BasePage.py wait_eleVisible [ line:37 ] 等待结束，等待时间长为:0.04秒
 Sun, 16 Dec 2018 23:50:35  INFO BasePage.py get_verification_code [ line:232 ] 识别的验证码为：6707
 Sun, 16 Dec 2018 23:50:35  INFO BasePage.py input_text [ line:148 ] =====执行输入操作======
输入的数据为：6707
 Sun, 16 Dec 2018 23:50:35  INFO BasePage.py find_element [ line:84 ] 当前元素定位类型：xpath，当前查找的元素表达式为：//input[@id=&apos;captchas&apos;]
 Sun, 16 Dec 2018 23:50:35  INFO BasePage.py find_element [ line:86 ] 开始等待元素在当前页面可见。
 Sun, 16 Dec 2018 23:50:35  INFO BasePage.py wait_eleVisible [ line:37 ] 等待结束，等待时间长为:0.03秒
 Sun, 16 Dec 2018 23:50:35  INFO BasePage.py click [ line:127 ] =====执行点击事件======
 Sun, 16 Dec 2018 23:50:35  INFO BasePage.py find_element [ line:84 ] 当前元素定位类型：xpath，当前查找的元素表达式为：//input[@class=&apos;btn btn_c&apos;]
 Sun, 16 Dec 2018 23:50:35  INFO BasePage.py find_element [ line:86 ] 开始等待元素在当前页面可见。
 Sun, 16 Dec 2018 23:50:35  INFO BasePage.py wait_eleVisible [ line:37 ] 等待结束，等待时间长为:0.02秒
 Sun, 16 Dec 2018 23:50:37  INFO BasePage.py find_element [ line:84 ] 当前元素定位类型：xpath，当前查找的元素表达式为：//input[@id=&apos;captchas&apos;]
 Sun, 16 Dec 2018 23:50:37  INFO BasePage.py find_element [ line:86 ] 开始等待元素在当前页面可见。
 Sun, 16 Dec 2018 23:50:37  INFO BasePage.py wait_eleVisible [ line:37 ] 等待结束，等待时间长为:0.04秒
 Sun, 16 Dec 2018 23:50:37  INFO BasePage.py find_element [ line:84 ] 当前元素定位类型：xpath，当前查找的元素表达式为：/html/body/div[4]/div/div/div[2]/div/div[3]/div/div/img
 Sun, 16 Dec 2018 23:50:37  INFO BasePage.py find_element [ line:86 ] 开始等待元素在当前页面可见。
 Sun, 16 Dec 2018 23:50:37  INFO BasePage.py wait_eleVisible [ line:37 ] 等待结束，等待时间长为:0.02秒
 Sun, 16 Dec 2018 23:50:38  INFO BasePage.py get_verification_code [ line:232 ] 识别的验证码为：4299
 Sun, 16 Dec 2018 23:50:38  INFO BasePage.py input_text [ line:148 ] =====执行输入操作======
输入的数据为：4299
 Sun, 16 Dec 2018 23:50:38  INFO BasePage.py find_element [ line:84 ] 当前元素定位类型：xpath，当前查找的元素表达式为：//input[@id=&apos;captchas&apos;]
 Sun, 16 Dec 2018 23:50:38  INFO BasePage.py find_element [ line:86 ] 开始等待元素在当前页面可见。
 Sun, 16 Dec 2018 23:50:38  INFO BasePage.py wait_eleVisible [ line:37 ] 等待结束，等待时间长为:0.02秒
 Sun, 16 Dec 2018 23:50:38  INFO BasePage.py click [ line:127 ] =====执行点击事件======
 Sun, 16 Dec 2018 23:50:38  INFO BasePage.py find_element [ line:84 ] 当前元素定位类型：xpath，当前查找的元素表达式为：//input[@class=&apos;btn btn_c&apos;]
 Sun, 16 Dec 2018 23:50:38  INFO BasePage.py find_element [ line:86 ] 开始等待元素在当前页面可见。
 Sun, 16 Dec 2018 23:50:38  INFO BasePage.py wait_eleVisible [ line:37 ] 等待结束，等待时间长为:0.03秒
 Sun, 16 Dec 2018 23:50:41  INFO BasePage.py click [ line:127 ] =====执行点击事件======
 Sun, 16 Dec 2018 23:50:41  INFO BasePage.py find_element [ line:84 ] 当前元素定位类型：xpath，当前查找的元素表达式为：//li[@class=&apos;hot&apos;]//a[text()=&apos;秀百贝商城&apos;]
 Sun, 16 Dec 2018 23:50:41  INFO BasePage.py find_element [ line:86 ] 开始等待元素在当前页面可见。
 Sun, 16 Dec 2018 23:50:41  INFO BasePage.py wait_eleVisible [ line:37 ] 等待结束，等待时间长为:0.04秒
 Sun, 16 Dec 2018 23:50:43  INFO BasePage.py input_text [ line:148 ] =====执行输入操作======
输入的数据为：妲己
 Sun, 16 Dec 2018 23:50:43  INFO BasePage.py find_element [ line:84 ] 当前元素定位类型：xpath，当前查找的元素表达式为：//input[@id=&apos;search&apos;]
 Sun, 16 Dec 2018 23:50:43  INFO BasePage.py find_element [ line:86 ] 开始等待元素在当前页面可见。
 Sun, 16 Dec 2018 23:50:43  INFO BasePage.py wait_eleVisible [ line:37 ] 等待结束，等待时间长为:0.05秒
 Sun, 16 Dec 2018 23:50:43  INFO BasePage.py click [ line:127 ] =====执行点击事件======
 Sun, 16 Dec 2018 23:50:43  INFO BasePage.py find_element [ line:84 ] 当前元素定位类型：xpath，当前查找的元素表达式为：//i[@class=&apos;s-icon i-search&apos;]
 Sun, 16 Dec 2018 23:50:43  INFO BasePage.py find_element [ line:86 ] 开始等待元素在当前页面可见。
 Sun, 16 Dec 2018 23:50:44  INFO BasePage.py wait_eleVisible [ line:37 ] 等待结束，等待时间长为:0.10秒
 Sun, 16 Dec 2018 23:50:44  INFO BasePage.py click [ line:127 ] =====执行点击事件======
 Sun, 16 Dec 2018 23:50:44  INFO BasePage.py find_element [ line:84 ] 当前元素定位类型：xpath，当前查找的元素表达式为：//div[@class=&apos;goods-pic&apos;]
 Sun, 16 Dec 2018 23:50:44  INFO BasePage.py find_element [ line:86 ] 开始等待元素在当前页面可见。
 Sun, 16 Dec 2018 23:50:44  INFO BasePage.py wait_eleVisible [ line:37 ] 等待结束，等待时间长为:0.05秒
 Sun, 16 Dec 2018 23:50:45  INFO BasePage.py click [ line:127 ] =====执行点击事件======
 Sun, 16 Dec 2018 23:50:45  INFO BasePage.py find_element [ line:84 ] 当前元素定位类型：xpath，当前查找的元素表达式为：//li[text()=&apos;18岁&apos;]
 Sun, 16 Dec 2018 23:50:45  INFO BasePage.py find_element [ line:86 ] 开始等待元素在当前页面可见。
 Sun, 16 Dec 2018 23:50:47  INFO BasePage.py wait_eleVisible [ line:37 ] 等待结束，等待时间长为:2.00秒
 Sun, 16 Dec 2018 23:50:47  INFO BasePage.py click [ line:127 ] =====执行点击事件======
 Sun, 16 Dec 2018 23:50:47  INFO BasePage.py find_element [ line:84 ] 当前元素定位类型：xpath，当前查找的元素表达式为：//li[text()=&apos;18岁&apos;]
 Sun, 16 Dec 2018 23:50:47  INFO BasePage.py find_element [ line:86 ] 开始等待元素在当前页面可见。
 Sun, 16 Dec 2018 23:50:47  INFO BasePage.py wait_eleVisible [ line:37 ] 等待结束，等待时间长为:0.02秒
 Sun, 16 Dec 2018 23:50:47  INFO BasePage.py click [ line:127 ] =====执行点击事件======
 Sun, 16 Dec 2018 23:50:47  INFO BasePage.py find_element [ line:84 ] 当前元素定位类型：xpath，当前查找的元素表达式为：//span[@class=&apos;num-add&apos;]
 Sun, 16 Dec 2018 23:50:47  INFO BasePage.py find_element [ line:86 ] 开始等待元素在当前页面可见。
 Sun, 16 Dec 2018 23:50:47  INFO BasePage.py wait_eleVisible [ line:37 ] 等待结束，等待时间长为:0.05秒
 Sun, 16 Dec 2018 23:50:47  INFO BasePage.py click [ line:127 ] =====执行点击事件======
 Sun, 16 Dec 2018 23:50:47  INFO BasePage.py find_element [ line:84 ] 当前元素定位类型：xpath，当前查找的元素表达式为：//span[@class=&apos;num-add&apos;]
 Sun, 16 Dec 2018 23:50:47  INFO BasePage.py find_element [ line:86 ] 开始等待元素在当前页面可见。
 Sun, 16 Dec 2018 23:50:47  INFO BasePage.py wait_eleVisible [ line:37 ] 等待结束，等待时间长为:0.03秒
 Sun, 16 Dec 2018 23:50:47  INFO BasePage.py click [ line:127 ] =====执行点击事件======
 Sun, 16 Dec 2018 23:50:47  INFO BasePage.py find_element [ line:84 ] 当前元素定位类型：xpath，当前查找的元素表达式为：//a[@class=&apos;join-cart login&apos;]
 Sun, 16 Dec 2018 23:50:47  INFO BasePage.py find_element [ line:86 ] 开始等待元素在当前页面可见。
 Sun, 16 Dec 2018 23:50:47  INFO BasePage.py wait_eleVisible [ line:37 ] 等待结束，等待时间长为:0.11秒
 Sun, 16 Dec 2018 23:50:47  INFO BasePage.py click [ line:127 ] =====执行点击事件======
 Sun, 16 Dec 2018 23:50:47  INFO BasePage.py find_element [ line:84 ] 当前元素定位类型：xpath，当前查找的元素表达式为：//li[@class=&apos;nav-cart&apos;]//a[contains(text(),&apos;购物车&apos;)]
 Sun, 16 Dec 2018 23:50:47  INFO BasePage.py find_element [ line:86 ] 开始等待元素在当前页面可见。
 Sun, 16 Dec 2018 23:50:47  INFO BasePage.py wait_eleVisible [ line:37 ] 等待结束，等待时间长为:0.04秒
 Sun, 16 Dec 2018 23:50:48  INFO BasePage.py get_text [ line:160 ] =====获取元素的文本内容======
 Sun, 16 Dec 2018 23:50:48  INFO BasePage.py find_element [ line:84 ] 当前元素定位类型：xpath，当前查找的元素表达式为：//h6[@class=&apos;cart-tit&apos;]
 Sun, 16 Dec 2018 23:50:48  INFO BasePage.py find_element [ line:86 ] 开始等待元素在当前页面可见。
 Sun, 16 Dec 2018 23:50:48  INFO BasePage.py wait_eleVisible [ line:37 ] 等待结束，等待时间长为:0.04秒
 Sun, 16 Dec 2018 23:50:48  INFO BasePage.py get_text [ line:160 ] =====获取元素的文本内容======
 Sun, 16 Dec 2018 23:50:48  INFO BasePage.py find_element [ line:84 ] 当前元素定位类型：xpath，当前查找的元素表达式为：//li[@class=&apos;Unick&apos;]/a
 Sun, 16 Dec 2018 23:50:48  INFO BasePage.py find_element [ line:86 ] 开始等待元素在当前页面可见。
 Sun, 16 Dec 2018 23:50:48  INFO BasePage.py wait_eleVisible [ line:37 ] 等待结束，等待时间长为:0.03秒
 Sun, 16 Dec 2018 23:50:48  INFO BasePage.py click [ line:127 ] =====执行点击事件======
 Sun, 16 Dec 2018 23:50:48  INFO BasePage.py find_element [ line:84 ] 当前元素定位类型：xpath，当前查找的元素表达式为：//label[@class=&apos;all-che&apos;]
 Sun, 16 Dec 2018 23:50:48  INFO BasePage.py find_element [ line:86 ] 开始等待元素在当前页面可见。
 Sun, 16 Dec 2018 23:50:48  INFO BasePage.py wait_eleVisible [ line:37 ] 等待结束，等待时间长为:0.03秒
 Sun, 16 Dec 2018 23:50:48  INFO BasePage.py get_text [ line:160 ] =====获取元素的文本内容======
 Sun, 16 Dec 2018 23:50:48  INFO BasePage.py find_element [ line:84 ] 当前元素定位类型：xpath，当前查找的元素表达式为：//h6[@class=&apos;cart-tit&apos;]//span
 Sun, 16 Dec 2018 23:50:48  INFO BasePage.py find_element [ line:86 ] 开始等待元素在当前页面可见。
 Sun, 16 Dec 2018 23:50:48  INFO BasePage.py wait_eleVisible [ line:37 ] 等待结束，等待时间长为:0.04秒
</system-err></testcase><testcase classname="TestCases.test_shopping_cart.Test_Shopping_cart" file="TestCases\test_shopping_cart.py" line="32" name="test_get_cookies" time="20.68614101409912"><system-err> Sun, 16 Dec 2018 23:51:05  INFO BasePage.py click [ line:127 ] =====执行点击事件======
 Sun, 16 Dec 2018 23:51:05  INFO BasePage.py find_element [ line:84 ] 当前元素定位类型：xpath，当前查找的元素表达式为：//li[@class=&apos;hot&apos;]//a[text()=&apos;秀百贝商城&apos;]
 Sun, 16 Dec 2018 23:51:05  INFO BasePage.py find_element [ line:86 ] 开始等待元素在当前页面可见。
 Sun, 16 Dec 2018 23:51:05  INFO BasePage.py wait_eleVisible [ line:37 ] 等待结束，等待时间长为:0.05秒
 Sun, 16 Dec 2018 23:51:08  INFO BasePage.py input_text [ line:148 ] =====执行输入操作======
输入的数据为：妲己
 Sun, 16 Dec 2018 23:51:08  INFO BasePage.py find_element [ line:84 ] 当前元素定位类型：xpath，当前查找的元素表达式为：//input[@id=&apos;search&apos;]
 Sun, 16 Dec 2018 23:51:08  INFO BasePage.py find_element [ line:86 ] 开始等待元素在当前页面可见。
 Sun, 16 Dec 2018 23:51:08  INFO BasePage.py wait_eleVisible [ line:37 ] 等待结束，等待时间长为:0.05秒
 Sun, 16 Dec 2018 23:51:08  INFO BasePage.py click [ line:127 ] =====执行点击事件======
 Sun, 16 Dec 2018 23:51:08  INFO BasePage.py find_element [ line:84 ] 当前元素定位类型：xpath，当前查找的元素表达式为：//i[@class=&apos;s-icon i-search&apos;]
 Sun, 16 Dec 2018 23:51:08  INFO BasePage.py find_element [ line:86 ] 开始等待元素在当前页面可见。
 Sun, 16 Dec 2018 23:51:08  INFO BasePage.py wait_eleVisible [ line:37 ] 等待结束，等待时间长为:0.05秒
 Sun, 16 Dec 2018 23:51:09  INFO BasePage.py click [ line:127 ] =====执行点击事件======
 Sun, 16 Dec 2018 23:51:09  INFO BasePage.py find_element [ line:84 ] 当前元素定位类型：xpath，当前查找的元素表达式为：//div[@class=&apos;goods-pic&apos;]
 Sun, 16 Dec 2018 23:51:09  INFO BasePage.py find_element [ line:86 ] 开始等待元素在当前页面可见。
 Sun, 16 Dec 2018 23:51:09  INFO BasePage.py wait_eleVisible [ line:37 ] 等待结束，等待时间长为:0.06秒
</system-err></testcase></testsuite>