<?xml version="1.0" encoding="utf-8"?><testsuite errors="0" failures="1" name="pytest" skips="0" tests="1" time="42.447"><testcase classname="TestCases.test_home_page_video.Test_Home_Page_video" file="TestCases\test_home_page_video.py" line="28" name="test_click_original_selected_title" time="41.41627597808838"><failure message="selenium.common.exceptions.TimeoutException: Message:">self = &lt;TestCases.test_home_page_video.Test_Home_Page_video object at 0x000000000D6D4E48&gt;
login_web = &lt;selenium.webdriver.chrome.webdriver.WebDriver (session=&quot;dbe67f5bc22e2b70daccb3483bee45aa&quot;)&gt;

    @pytest.mark.bb
    @pytest.mark.usefixtures(&apos;login_web&apos;)
    def test_click_original_selected_title(self,login_web):
        home=HomePage(login_web)
        dict_home=home.get_original_selected_title_authors_picture_time()
        #点击标题
&gt;       home.click_original_selected_video_title()

TestCases\test_home_page_video.py:35: 
_ _ _ _ _ _ _ _ _ _ _ _ _ _ _ _ _ _ _ _ _ _ _ _ _ _ _ _ _ _ _ _ _ _ _ _ _ _ _ _
PageObjects\home_page.py:79: in click_original_selected_video_title
    self.wait_new_window_is_opened(current_handles)
PageObjects\BasePage.py:68: in wait_new_window_is_opened
    WebDriverWait(self.driver,10,1).until(EC.new_window_is_opened(current_handles))
_ _ _ _ _ _ _ _ _ _ _ _ _ _ _ _ _ _ _ _ _ _ _ _ _ _ _ _ _ _ _ _ _ _ _ _ _ _ _ _

self = &lt;selenium.webdriver.support.wait.WebDriverWait (session=&quot;dbe67f5bc22e2b70daccb3483bee45aa&quot;)&gt;
method = &lt;selenium.webdriver.support.expected_conditions.new_window_is_opened object at 0x000000000D79D198&gt;
message = &apos;&apos;

    def until(self, method, message=&apos;&apos;):
        &quot;&quot;&quot;Calls the method provided with the driver as an argument until the \
        return value is not False.&quot;&quot;&quot;
        screen = None
        stacktrace = None
    
        end_time = time.time() + self._timeout
        while True:
            try:
                value = method(self._driver)
                if value:
                    return value
            except self._ignored_exceptions as exc:
                screen = getattr(exc, &apos;screen&apos;, None)
                stacktrace = getattr(exc, &apos;stacktrace&apos;, None)
            time.sleep(self._poll)
            if time.time() &gt; end_time:
                break
&gt;       raise TimeoutException(message, screen, stacktrace)
E       selenium.common.exceptions.TimeoutException: Message:

C:\Python34\lib\site-packages\selenium\webdriver\support\wait.py:80: TimeoutException</failure><system-err> Mon, 17 Dec 2018 17:15:37  INFO BasePage.py click [ line:127 ] =====执行点击事件======
 Mon, 17 Dec 2018 17:15:37  INFO BasePage.py find_element [ line:84 ] 当前元素定位类型：xpath，当前查找的元素表达式为：//ul[@class=&apos;headNav clearfix&apos;]//a[text()=&apos;登录&apos;]
 Mon, 17 Dec 2018 17:15:37  INFO BasePage.py find_element [ line:86 ] 开始等待元素在当前页面可见。
 Mon, 17 Dec 2018 17:15:37  INFO BasePage.py wait_eleVisible [ line:37 ] 等待结束，等待时间长为:0.05秒
 Mon, 17 Dec 2018 17:15:37  INFO BasePage.py input_text [ line:148 ] =====执行输入操作======
输入的数据为：13819480751
 Mon, 17 Dec 2018 17:15:37  INFO BasePage.py find_element [ line:84 ] 当前元素定位类型：xpath，当前查找的元素表达式为：//input[@class=&apos;user mobile&apos;]
 Mon, 17 Dec 2018 17:15:37  INFO BasePage.py find_element [ line:86 ] 开始等待元素在当前页面可见。
 Mon, 17 Dec 2018 17:15:37  INFO BasePage.py wait_eleVisible [ line:37 ] 等待结束，等待时间长为:0.06秒
 Mon, 17 Dec 2018 17:15:37  INFO BasePage.py input_text [ line:148 ] =====执行输入操作======
输入的数据为：abc123
 Mon, 17 Dec 2018 17:15:37  INFO BasePage.py find_element [ line:84 ] 当前元素定位类型：xpath，当前查找的元素表达式为：//input[@name=&apos;paswrd&apos;]
 Mon, 17 Dec 2018 17:15:37  INFO BasePage.py find_element [ line:86 ] 开始等待元素在当前页面可见。
 Mon, 17 Dec 2018 17:15:37  INFO BasePage.py wait_eleVisible [ line:37 ] 等待结束，等待时间长为:0.04秒
 Mon, 17 Dec 2018 17:15:37  INFO BasePage.py find_element [ line:84 ] 当前元素定位类型：xpath，当前查找的元素表达式为：//input[@id=&apos;captchas&apos;]
 Mon, 17 Dec 2018 17:15:37  INFO BasePage.py find_element [ line:86 ] 开始等待元素在当前页面可见。
 Mon, 17 Dec 2018 17:15:37  INFO BasePage.py wait_eleVisible [ line:37 ] 等待结束，等待时间长为:0.04秒
 Mon, 17 Dec 2018 17:15:37  INFO BasePage.py find_element [ line:84 ] 当前元素定位类型：xpath，当前查找的元素表达式为：/html/body/div[4]/div/div/div[2]/div/div[3]/div/div/img
 Mon, 17 Dec 2018 17:15:37  INFO BasePage.py find_element [ line:86 ] 开始等待元素在当前页面可见。
 Mon, 17 Dec 2018 17:15:37  INFO BasePage.py wait_eleVisible [ line:37 ] 等待结束，等待时间长为:0.04秒
 Mon, 17 Dec 2018 17:15:39  INFO BasePage.py get_verification_code [ line:232 ] 识别的验证码为：3439
 Mon, 17 Dec 2018 17:15:39  INFO BasePage.py input_text [ line:148 ] =====执行输入操作======
输入的数据为：3439
 Mon, 17 Dec 2018 17:15:39  INFO BasePage.py find_element [ line:84 ] 当前元素定位类型：xpath，当前查找的元素表达式为：//input[@id=&apos;captchas&apos;]
 Mon, 17 Dec 2018 17:15:39  INFO BasePage.py find_element [ line:86 ] 开始等待元素在当前页面可见。
 Mon, 17 Dec 2018 17:15:39  INFO BasePage.py wait_eleVisible [ line:37 ] 等待结束，等待时间长为:0.03秒
 Mon, 17 Dec 2018 17:15:39  INFO BasePage.py click [ line:127 ] =====执行点击事件======
 Mon, 17 Dec 2018 17:15:39  INFO BasePage.py find_element [ line:84 ] 当前元素定位类型：xpath，当前查找的元素表达式为：//input[@class=&apos;btn btn_c&apos;]
 Mon, 17 Dec 2018 17:15:39  INFO BasePage.py find_element [ line:86 ] 开始等待元素在当前页面可见。
 Mon, 17 Dec 2018 17:15:39  INFO BasePage.py wait_eleVisible [ line:37 ] 等待结束，等待时间长为:0.05秒
 Mon, 17 Dec 2018 17:15:40  INFO BasePage.py find_element [ line:84 ] 当前元素定位类型：xpath，当前查找的元素表达式为：//input[@id=&apos;captchas&apos;]
 Mon, 17 Dec 2018 17:15:40  INFO BasePage.py find_element [ line:86 ] 开始等待元素在当前页面可见。
 Mon, 17 Dec 2018 17:15:40  INFO BasePage.py wait_eleVisible [ line:37 ] 等待结束，等待时间长为:0.02秒
 Mon, 17 Dec 2018 17:15:40  INFO BasePage.py find_element [ line:84 ] 当前元素定位类型：xpath，当前查找的元素表达式为：/html/body/div[4]/div/div/div[2]/div/div[3]/div/div/img
 Mon, 17 Dec 2018 17:15:40  INFO BasePage.py find_element [ line:86 ] 开始等待元素在当前页面可见。
 Mon, 17 Dec 2018 17:15:40  INFO BasePage.py wait_eleVisible [ line:37 ] 等待结束，等待时间长为:0.02秒
 Mon, 17 Dec 2018 17:15:41  INFO BasePage.py get_verification_code [ line:232 ] 识别的验证码为：6603
 Mon, 17 Dec 2018 17:15:41  INFO BasePage.py input_text [ line:148 ] =====执行输入操作======
输入的数据为：6603
 Mon, 17 Dec 2018 17:15:41  INFO BasePage.py find_element [ line:84 ] 当前元素定位类型：xpath，当前查找的元素表达式为：//input[@id=&apos;captchas&apos;]
 Mon, 17 Dec 2018 17:15:41  INFO BasePage.py find_element [ line:86 ] 开始等待元素在当前页面可见。
 Mon, 17 Dec 2018 17:15:41  INFO BasePage.py wait_eleVisible [ line:37 ] 等待结束，等待时间长为:0.03秒
 Mon, 17 Dec 2018 17:15:41  INFO BasePage.py click [ line:127 ] =====执行点击事件======
 Mon, 17 Dec 2018 17:15:41  INFO BasePage.py find_element [ line:84 ] 当前元素定位类型：xpath，当前查找的元素表达式为：//input[@class=&apos;btn btn_c&apos;]
 Mon, 17 Dec 2018 17:15:41  INFO BasePage.py find_element [ line:86 ] 开始等待元素在当前页面可见。
 Mon, 17 Dec 2018 17:15:42  INFO BasePage.py wait_eleVisible [ line:37 ] 等待结束，等待时间长为:0.03秒
 Mon, 17 Dec 2018 17:15:43  INFO BasePage.py get_text [ line:160 ] =====获取元素的文本内容======
 Mon, 17 Dec 2018 17:15:43  INFO BasePage.py find_element [ line:84 ] 当前元素定位类型：xpath，当前查找的元素表达式为：/html/body/div[9]/div[4]/div/div[2]/div[2]/div/ul[1]/li[1]/div[2]/div[1]
 Mon, 17 Dec 2018 17:15:43  INFO BasePage.py find_element [ line:86 ] 开始等待元素在当前页面可见。
 Mon, 17 Dec 2018 17:15:43  INFO BasePage.py wait_eleVisible [ line:37 ] 等待结束，等待时间长为:0.04秒
 Mon, 17 Dec 2018 17:15:43  INFO BasePage.py scroll_intoView [ line:122 ] 将元素滚动到可见区域。
 Mon, 17 Dec 2018 17:15:43  INFO BasePage.py get_text [ line:160 ] =====获取元素的文本内容======
 Mon, 17 Dec 2018 17:15:43  INFO BasePage.py find_element [ line:84 ] 当前元素定位类型：xpath，当前查找的元素表达式为：//div[@class=&apos;v-list headline-b&apos;]//div[@class=&apos;v-shop clearfix&apos;]//p
 Mon, 17 Dec 2018 17:15:43  INFO BasePage.py find_element [ line:86 ] 开始等待元素在当前页面可见。
 Mon, 17 Dec 2018 17:15:43  INFO BasePage.py wait_eleVisible [ line:37 ] 等待结束，等待时间长为:0.04秒
 Mon, 17 Dec 2018 17:15:43  INFO BasePage.py scroll_intoView [ line:122 ] 将元素滚动到可见区域。
 Mon, 17 Dec 2018 17:15:43  INFO BasePage.py get_element_attribute [ line:173 ] =====获取元素的属性值：src
 Mon, 17 Dec 2018 17:15:43  INFO BasePage.py find_element [ line:84 ] 当前元素定位类型：xpath，当前查找的元素表达式为：//div[@class=&apos;tab-cont clearfix&apos;]//div[@class=&apos;v-img&apos;]
 Mon, 17 Dec 2018 17:15:43  INFO BasePage.py find_element [ line:86 ] 开始等待元素在当前页面可见。
 Mon, 17 Dec 2018 17:15:43  INFO BasePage.py wait_eleVisible [ line:37 ] 等待结束，等待时间长为:0.04秒
 Mon, 17 Dec 2018 17:15:43  INFO BasePage.py scroll_intoView [ line:122 ] 将元素滚动到可见区域。
 Mon, 17 Dec 2018 17:15:43  INFO BasePage.py get_text [ line:160 ] =====获取元素的文本内容======
 Mon, 17 Dec 2018 17:15:43  INFO BasePage.py find_element [ line:84 ] 当前元素定位类型：xpath，当前查找的元素表达式为：//div[@class=&apos;tab-pic&apos;]//div[@class=&apos;video-bg&apos;]/span
 Mon, 17 Dec 2018 17:15:43  INFO BasePage.py find_element [ line:86 ] 开始等待元素在当前页面可见。
 Mon, 17 Dec 2018 17:15:43  INFO BasePage.py wait_eleVisible [ line:37 ] 等待结束，等待时间长为:0.05秒
 Mon, 17 Dec 2018 17:15:43  INFO BasePage.py scroll_intoView [ line:122 ] 将元素滚动到可见区域。
 Mon, 17 Dec 2018 17:15:43  INFO BasePage.py click [ line:127 ] =====执行点击事件======
 Mon, 17 Dec 2018 17:15:43  INFO BasePage.py find_element [ line:84 ] 当前元素定位类型：xpath，当前查找的元素表达式为：/html/body/div[9]/div[4]/div/div[2]/div[2]/div/ul[1]/li[1]/div[2]/div[1]
 Mon, 17 Dec 2018 17:15:43  INFO BasePage.py find_element [ line:86 ] 开始等待元素在当前页面可见。
 Mon, 17 Dec 2018 17:15:44  INFO BasePage.py wait_eleVisible [ line:37 ] 等待结束，等待时间长为:0.02秒
 Mon, 17 Dec 2018 17:15:44  INFO BasePage.py scroll_intoView [ line:122 ] 将元素滚动到可见区域。
</system-err></testcase></testsuite>