<?xml version="1.0" encoding="utf-8"?><testsuite errors="0" failures="1" name="pytest" skips="0" tests="5" time="122.533"><testcase classname="TestCases.test_a_shopping_cart.Test_Shopping_cart" file="TestCases\test_a_shopping_cart.py" line="9" name="test_a_shopping_cart" time="41.63121795654297"><system-err> Mon, 17 Dec 2018 17:03:58  INFO BasePage.py click [ line:127 ] =====执行点击事件======
 Mon, 17 Dec 2018 17:03:58  INFO BasePage.py find_element [ line:84 ] 当前元素定位类型：xpath，当前查找的元素表达式为：//ul[@class=&apos;headNav clearfix&apos;]//a[text()=&apos;登录&apos;]
 Mon, 17 Dec 2018 17:03:58  INFO BasePage.py find_element [ line:86 ] 开始等待元素在当前页面可见。
 Mon, 17 Dec 2018 17:03:58  INFO BasePage.py wait_eleVisible [ line:37 ] 等待结束，等待时间长为:0.04秒
 Mon, 17 Dec 2018 17:03:59  INFO BasePage.py input_text [ line:148 ] =====执行输入操作======
输入的数据为：13819480751
 Mon, 17 Dec 2018 17:03:59  INFO BasePage.py find_element [ line:84 ] 当前元素定位类型：xpath，当前查找的元素表达式为：//input[@class=&apos;user mobile&apos;]
 Mon, 17 Dec 2018 17:03:59  INFO BasePage.py find_element [ line:86 ] 开始等待元素在当前页面可见。
 Mon, 17 Dec 2018 17:03:59  INFO BasePage.py wait_eleVisible [ line:37 ] 等待结束，等待时间长为:0.06秒
 Mon, 17 Dec 2018 17:03:59  INFO BasePage.py input_text [ line:148 ] =====执行输入操作======
输入的数据为：abc123
 Mon, 17 Dec 2018 17:03:59  INFO BasePage.py find_element [ line:84 ] 当前元素定位类型：xpath，当前查找的元素表达式为：//input[@name=&apos;paswrd&apos;]
 Mon, 17 Dec 2018 17:03:59  INFO BasePage.py find_element [ line:86 ] 开始等待元素在当前页面可见。
 Mon, 17 Dec 2018 17:03:59  INFO BasePage.py wait_eleVisible [ line:37 ] 等待结束，等待时间长为:0.04秒
 Mon, 17 Dec 2018 17:03:59  INFO BasePage.py find_element [ line:84 ] 当前元素定位类型：xpath，当前查找的元素表达式为：//input[@id=&apos;captchas&apos;]
 Mon, 17 Dec 2018 17:03:59  INFO BasePage.py find_element [ line:86 ] 开始等待元素在当前页面可见。
 Mon, 17 Dec 2018 17:03:59  INFO BasePage.py wait_eleVisible [ line:37 ] 等待结束，等待时间长为:0.04秒
 Mon, 17 Dec 2018 17:03:59  INFO BasePage.py find_element [ line:84 ] 当前元素定位类型：xpath，当前查找的元素表达式为：/html/body/div[4]/div/div/div[2]/div/div[3]/div/div/img
 Mon, 17 Dec 2018 17:03:59  INFO BasePage.py find_element [ line:86 ] 开始等待元素在当前页面可见。
 Mon, 17 Dec 2018 17:03:59  INFO BasePage.py wait_eleVisible [ line:37 ] 等待结束，等待时间长为:0.04秒
 Mon, 17 Dec 2018 17:04:00  INFO BasePage.py get_verification_code [ line:232 ] 识别的验证码为：996
 Mon, 17 Dec 2018 17:04:00  INFO BasePage.py input_text [ line:148 ] =====执行输入操作======
输入的数据为：996
 Mon, 17 Dec 2018 17:04:00  INFO BasePage.py find_element [ line:84 ] 当前元素定位类型：xpath，当前查找的元素表达式为：//input[@id=&apos;captchas&apos;]
 Mon, 17 Dec 2018 17:04:00  INFO BasePage.py find_element [ line:86 ] 开始等待元素在当前页面可见。
 Mon, 17 Dec 2018 17:04:00  INFO BasePage.py wait_eleVisible [ line:37 ] 等待结束，等待时间长为:0.02秒
 Mon, 17 Dec 2018 17:04:00  INFO BasePage.py click [ line:127 ] =====执行点击事件======
 Mon, 17 Dec 2018 17:04:00  INFO BasePage.py find_element [ line:84 ] 当前元素定位类型：xpath，当前查找的元素表达式为：//input[@class=&apos;btn btn_c&apos;]
 Mon, 17 Dec 2018 17:04:00  INFO BasePage.py find_element [ line:86 ] 开始等待元素在当前页面可见。
 Mon, 17 Dec 2018 17:04:00  INFO BasePage.py wait_eleVisible [ line:37 ] 等待结束，等待时间长为:0.04秒
 Mon, 17 Dec 2018 17:04:02  INFO BasePage.py find_element [ line:84 ] 当前元素定位类型：xpath，当前查找的元素表达式为：//input[@id=&apos;captchas&apos;]
 Mon, 17 Dec 2018 17:04:02  INFO BasePage.py find_element [ line:86 ] 开始等待元素在当前页面可见。
 Mon, 17 Dec 2018 17:04:02  INFO BasePage.py wait_eleVisible [ line:37 ] 等待结束，等待时间长为:0.02秒
 Mon, 17 Dec 2018 17:04:02  INFO BasePage.py find_element [ line:84 ] 当前元素定位类型：xpath，当前查找的元素表达式为：/html/body/div[4]/div/div/div[2]/div/div[3]/div/div/img
 Mon, 17 Dec 2018 17:04:02  INFO BasePage.py find_element [ line:86 ] 开始等待元素在当前页面可见。
 Mon, 17 Dec 2018 17:04:02  INFO BasePage.py wait_eleVisible [ line:37 ] 等待结束，等待时间长为:0.02秒
 Mon, 17 Dec 2018 17:04:03  INFO BasePage.py get_verification_code [ line:232 ] 识别的验证码为：140
 Mon, 17 Dec 2018 17:04:03  INFO BasePage.py input_text [ line:148 ] =====执行输入操作======
输入的数据为：140
 Mon, 17 Dec 2018 17:04:03  INFO BasePage.py find_element [ line:84 ] 当前元素定位类型：xpath，当前查找的元素表达式为：//input[@id=&apos;captchas&apos;]
 Mon, 17 Dec 2018 17:04:03  INFO BasePage.py find_element [ line:86 ] 开始等待元素在当前页面可见。
 Mon, 17 Dec 2018 17:04:03  INFO BasePage.py wait_eleVisible [ line:37 ] 等待结束，等待时间长为:0.03秒
 Mon, 17 Dec 2018 17:04:03  INFO BasePage.py click [ line:127 ] =====执行点击事件======
 Mon, 17 Dec 2018 17:04:03  INFO BasePage.py find_element [ line:84 ] 当前元素定位类型：xpath，当前查找的元素表达式为：//input[@class=&apos;btn btn_c&apos;]
 Mon, 17 Dec 2018 17:04:03  INFO BasePage.py find_element [ line:86 ] 开始等待元素在当前页面可见。
 Mon, 17 Dec 2018 17:04:03  INFO BasePage.py wait_eleVisible [ line:37 ] 等待结束，等待时间长为:0.02秒
 Mon, 17 Dec 2018 17:04:04  INFO BasePage.py find_element [ line:84 ] 当前元素定位类型：xpath，当前查找的元素表达式为：//input[@id=&apos;captchas&apos;]
 Mon, 17 Dec 2018 17:04:04  INFO BasePage.py find_element [ line:86 ] 开始等待元素在当前页面可见。
 Mon, 17 Dec 2018 17:04:04  INFO BasePage.py wait_eleVisible [ line:37 ] 等待结束，等待时间长为:0.03秒
 Mon, 17 Dec 2018 17:04:04  INFO BasePage.py find_element [ line:84 ] 当前元素定位类型：xpath，当前查找的元素表达式为：/html/body/div[4]/div/div/div[2]/div/div[3]/div/div/img
 Mon, 17 Dec 2018 17:04:04  INFO BasePage.py find_element [ line:86 ] 开始等待元素在当前页面可见。
 Mon, 17 Dec 2018 17:04:05  INFO BasePage.py wait_eleVisible [ line:37 ] 等待结束，等待时间长为:0.03秒
 Mon, 17 Dec 2018 17:04:05  INFO BasePage.py get_verification_code [ line:232 ] 识别的验证码为：4203
 Mon, 17 Dec 2018 17:04:05  INFO BasePage.py input_text [ line:148 ] =====执行输入操作======
输入的数据为：4203
 Mon, 17 Dec 2018 17:04:05  INFO BasePage.py find_element [ line:84 ] 当前元素定位类型：xpath，当前查找的元素表达式为：//input[@id=&apos;captchas&apos;]
 Mon, 17 Dec 2018 17:04:05  INFO BasePage.py find_element [ line:86 ] 开始等待元素在当前页面可见。
 Mon, 17 Dec 2018 17:04:05  INFO BasePage.py wait_eleVisible [ line:37 ] 等待结束，等待时间长为:0.02秒
 Mon, 17 Dec 2018 17:04:05  INFO BasePage.py click [ line:127 ] =====执行点击事件======
 Mon, 17 Dec 2018 17:04:05  INFO BasePage.py find_element [ line:84 ] 当前元素定位类型：xpath，当前查找的元素表达式为：//input[@class=&apos;btn btn_c&apos;]
 Mon, 17 Dec 2018 17:04:05  INFO BasePage.py find_element [ line:86 ] 开始等待元素在当前页面可见。
 Mon, 17 Dec 2018 17:04:05  INFO BasePage.py wait_eleVisible [ line:37 ] 等待结束，等待时间长为:0.02秒
 Mon, 17 Dec 2018 17:04:07  INFO BasePage.py find_element [ line:84 ] 当前元素定位类型：xpath，当前查找的元素表达式为：//input[@id=&apos;captchas&apos;]
 Mon, 17 Dec 2018 17:04:07  INFO BasePage.py find_element [ line:86 ] 开始等待元素在当前页面可见。
 Mon, 17 Dec 2018 17:04:07  INFO BasePage.py wait_eleVisible [ line:37 ] 等待结束，等待时间长为:0.03秒
 Mon, 17 Dec 2018 17:04:07  INFO BasePage.py find_element [ line:84 ] 当前元素定位类型：xpath，当前查找的元素表达式为：/html/body/div[4]/div/div/div[2]/div/div[3]/div/div/img
 Mon, 17 Dec 2018 17:04:07  INFO BasePage.py find_element [ line:86 ] 开始等待元素在当前页面可见。
 Mon, 17 Dec 2018 17:04:07  INFO BasePage.py wait_eleVisible [ line:37 ] 等待结束，等待时间长为:0.03秒
 Mon, 17 Dec 2018 17:04:08  INFO BasePage.py get_verification_code [ line:232 ] 识别的验证码为：602
 Mon, 17 Dec 2018 17:04:08  INFO BasePage.py input_text [ line:148 ] =====执行输入操作======
输入的数据为：602
 Mon, 17 Dec 2018 17:04:08  INFO BasePage.py find_element [ line:84 ] 当前元素定位类型：xpath，当前查找的元素表达式为：//input[@id=&apos;captchas&apos;]
 Mon, 17 Dec 2018 17:04:08  INFO BasePage.py find_element [ line:86 ] 开始等待元素在当前页面可见。
 Mon, 17 Dec 2018 17:04:08  INFO BasePage.py wait_eleVisible [ line:37 ] 等待结束，等待时间长为:0.02秒
 Mon, 17 Dec 2018 17:04:08  INFO BasePage.py click [ line:127 ] =====执行点击事件======
 Mon, 17 Dec 2018 17:04:08  INFO BasePage.py find_element [ line:84 ] 当前元素定位类型：xpath，当前查找的元素表达式为：//input[@class=&apos;btn btn_c&apos;]
 Mon, 17 Dec 2018 17:04:08  INFO BasePage.py find_element [ line:86 ] 开始等待元素在当前页面可见。
 Mon, 17 Dec 2018 17:04:08  INFO BasePage.py wait_eleVisible [ line:37 ] 等待结束，等待时间长为:0.02秒
 Mon, 17 Dec 2018 17:04:10  INFO BasePage.py find_element [ line:84 ] 当前元素定位类型：xpath，当前查找的元素表达式为：//input[@id=&apos;captchas&apos;]
 Mon, 17 Dec 2018 17:04:10  INFO BasePage.py find_element [ line:86 ] 开始等待元素在当前页面可见。
 Mon, 17 Dec 2018 17:04:10  INFO BasePage.py wait_eleVisible [ line:37 ] 等待结束，等待时间长为:0.03秒
 Mon, 17 Dec 2018 17:04:10  INFO BasePage.py find_element [ line:84 ] 当前元素定位类型：xpath，当前查找的元素表达式为：/html/body/div[4]/div/div/div[2]/div/div[3]/div/div/img
 Mon, 17 Dec 2018 17:04:10  INFO BasePage.py find_element [ line:86 ] 开始等待元素在当前页面可见。
 Mon, 17 Dec 2018 17:04:10  INFO BasePage.py wait_eleVisible [ line:37 ] 等待结束，等待时间长为:0.05秒
 Mon, 17 Dec 2018 17:04:11  INFO BasePage.py get_verification_code [ line:232 ] 识别的验证码为：A139
 Mon, 17 Dec 2018 17:04:11  INFO BasePage.py input_text [ line:148 ] =====执行输入操作======
输入的数据为：A139
 Mon, 17 Dec 2018 17:04:11  INFO BasePage.py find_element [ line:84 ] 当前元素定位类型：xpath，当前查找的元素表达式为：//input[@id=&apos;captchas&apos;]
 Mon, 17 Dec 2018 17:04:11  INFO BasePage.py find_element [ line:86 ] 开始等待元素在当前页面可见。
 Mon, 17 Dec 2018 17:04:11  INFO BasePage.py wait_eleVisible [ line:37 ] 等待结束，等待时间长为:0.02秒
 Mon, 17 Dec 2018 17:04:11  INFO BasePage.py click [ line:127 ] =====执行点击事件======
 Mon, 17 Dec 2018 17:04:11  INFO BasePage.py find_element [ line:84 ] 当前元素定位类型：xpath，当前查找的元素表达式为：//input[@class=&apos;btn btn_c&apos;]
 Mon, 17 Dec 2018 17:04:11  INFO BasePage.py find_element [ line:86 ] 开始等待元素在当前页面可见。
 Mon, 17 Dec 2018 17:04:11  INFO BasePage.py wait_eleVisible [ line:37 ] 等待结束，等待时间长为:0.03秒
 Mon, 17 Dec 2018 17:04:12  INFO BasePage.py find_element [ line:84 ] 当前元素定位类型：xpath，当前查找的元素表达式为：//input[@id=&apos;captchas&apos;]
 Mon, 17 Dec 2018 17:04:12  INFO BasePage.py find_element [ line:86 ] 开始等待元素在当前页面可见。
 Mon, 17 Dec 2018 17:04:12  INFO BasePage.py wait_eleVisible [ line:37 ] 等待结束，等待时间长为:0.02秒
 Mon, 17 Dec 2018 17:04:12  INFO BasePage.py find_element [ line:84 ] 当前元素定位类型：xpath，当前查找的元素表达式为：/html/body/div[4]/div/div/div[2]/div/div[3]/div/div/img
 Mon, 17 Dec 2018 17:04:12  INFO BasePage.py find_element [ line:86 ] 开始等待元素在当前页面可见。
 Mon, 17 Dec 2018 17:04:12  INFO BasePage.py wait_eleVisible [ line:37 ] 等待结束，等待时间长为:0.02秒
 Mon, 17 Dec 2018 17:04:13  INFO BasePage.py get_verification_code [ line:232 ] 识别的验证码为：2048
 Mon, 17 Dec 2018 17:04:13  INFO BasePage.py input_text [ line:148 ] =====执行输入操作======
输入的数据为：2048
 Mon, 17 Dec 2018 17:04:13  INFO BasePage.py find_element [ line:84 ] 当前元素定位类型：xpath，当前查找的元素表达式为：//input[@id=&apos;captchas&apos;]
 Mon, 17 Dec 2018 17:04:13  INFO BasePage.py find_element [ line:86 ] 开始等待元素在当前页面可见。
 Mon, 17 Dec 2018 17:04:13  INFO BasePage.py wait_eleVisible [ line:37 ] 等待结束，等待时间长为:0.03秒
 Mon, 17 Dec 2018 17:04:14  INFO BasePage.py click [ line:127 ] =====执行点击事件======
 Mon, 17 Dec 2018 17:04:14  INFO BasePage.py find_element [ line:84 ] 当前元素定位类型：xpath，当前查找的元素表达式为：//input[@class=&apos;btn btn_c&apos;]
 Mon, 17 Dec 2018 17:04:14  INFO BasePage.py find_element [ line:86 ] 开始等待元素在当前页面可见。
 Mon, 17 Dec 2018 17:04:14  INFO BasePage.py wait_eleVisible [ line:37 ] 等待结束，等待时间长为:0.02秒
 Mon, 17 Dec 2018 17:04:15  INFO BasePage.py find_element [ line:84 ] 当前元素定位类型：xpath，当前查找的元素表达式为：//input[@id=&apos;captchas&apos;]
 Mon, 17 Dec 2018 17:04:15  INFO BasePage.py find_element [ line:86 ] 开始等待元素在当前页面可见。
 Mon, 17 Dec 2018 17:04:15  INFO BasePage.py wait_eleVisible [ line:37 ] 等待结束，等待时间长为:0.02秒
 Mon, 17 Dec 2018 17:04:15  INFO BasePage.py find_element [ line:84 ] 当前元素定位类型：xpath，当前查找的元素表达式为：/html/body/div[4]/div/div/div[2]/div/div[3]/div/div/img
 Mon, 17 Dec 2018 17:04:15  INFO BasePage.py find_element [ line:86 ] 开始等待元素在当前页面可见。
 Mon, 17 Dec 2018 17:04:15  INFO BasePage.py wait_eleVisible [ line:37 ] 等待结束，等待时间长为:0.02秒
 Mon, 17 Dec 2018 17:04:16  INFO BasePage.py get_verification_code [ line:232 ] 识别的验证码为：8649
 Mon, 17 Dec 2018 17:04:16  INFO BasePage.py input_text [ line:148 ] =====执行输入操作======
输入的数据为：8649
 Mon, 17 Dec 2018 17:04:16  INFO BasePage.py find_element [ line:84 ] 当前元素定位类型：xpath，当前查找的元素表达式为：//input[@id=&apos;captchas&apos;]
 Mon, 17 Dec 2018 17:04:16  INFO BasePage.py find_element [ line:86 ] 开始等待元素在当前页面可见。
 Mon, 17 Dec 2018 17:04:16  INFO BasePage.py wait_eleVisible [ line:37 ] 等待结束，等待时间长为:0.03秒
 Mon, 17 Dec 2018 17:04:16  INFO BasePage.py click [ line:127 ] =====执行点击事件======
 Mon, 17 Dec 2018 17:04:16  INFO BasePage.py find_element [ line:84 ] 当前元素定位类型：xpath，当前查找的元素表达式为：//input[@class=&apos;btn btn_c&apos;]
 Mon, 17 Dec 2018 17:04:16  INFO BasePage.py find_element [ line:86 ] 开始等待元素在当前页面可见。
 Mon, 17 Dec 2018 17:04:16  INFO BasePage.py wait_eleVisible [ line:37 ] 等待结束，等待时间长为:0.03秒
 Mon, 17 Dec 2018 17:04:18  INFO BasePage.py find_element [ line:84 ] 当前元素定位类型：xpath，当前查找的元素表达式为：//input[@id=&apos;captchas&apos;]
 Mon, 17 Dec 2018 17:04:18  INFO BasePage.py find_element [ line:86 ] 开始等待元素在当前页面可见。
 Mon, 17 Dec 2018 17:04:18  INFO BasePage.py wait_eleVisible [ line:37 ] 等待结束，等待时间长为:0.03秒
 Mon, 17 Dec 2018 17:04:18  INFO BasePage.py find_element [ line:84 ] 当前元素定位类型：xpath，当前查找的元素表达式为：/html/body/div[4]/div/div/div[2]/div/div[3]/div/div/img
 Mon, 17 Dec 2018 17:04:18  INFO BasePage.py find_element [ line:86 ] 开始等待元素在当前页面可见。
 Mon, 17 Dec 2018 17:04:18  INFO BasePage.py wait_eleVisible [ line:37 ] 等待结束，等待时间长为:0.02秒
 Mon, 17 Dec 2018 17:04:19  INFO BasePage.py get_verification_code [ line:232 ] 识别的验证码为：600
 Mon, 17 Dec 2018 17:04:19  INFO BasePage.py input_text [ line:148 ] =====执行输入操作======
输入的数据为：600
 Mon, 17 Dec 2018 17:04:19  INFO BasePage.py find_element [ line:84 ] 当前元素定位类型：xpath，当前查找的元素表达式为：//input[@id=&apos;captchas&apos;]
 Mon, 17 Dec 2018 17:04:19  INFO BasePage.py find_element [ line:86 ] 开始等待元素在当前页面可见。
 Mon, 17 Dec 2018 17:04:19  INFO BasePage.py wait_eleVisible [ line:37 ] 等待结束，等待时间长为:0.03秒
 Mon, 17 Dec 2018 17:04:19  INFO BasePage.py click [ line:127 ] =====执行点击事件======
 Mon, 17 Dec 2018 17:04:19  INFO BasePage.py find_element [ line:84 ] 当前元素定位类型：xpath，当前查找的元素表达式为：//input[@class=&apos;btn btn_c&apos;]
 Mon, 17 Dec 2018 17:04:19  INFO BasePage.py find_element [ line:86 ] 开始等待元素在当前页面可见。
 Mon, 17 Dec 2018 17:04:19  INFO BasePage.py wait_eleVisible [ line:37 ] 等待结束，等待时间长为:0.03秒
 Mon, 17 Dec 2018 17:04:21  INFO BasePage.py find_element [ line:84 ] 当前元素定位类型：xpath，当前查找的元素表达式为：//input[@id=&apos;captchas&apos;]
 Mon, 17 Dec 2018 17:04:21  INFO BasePage.py find_element [ line:86 ] 开始等待元素在当前页面可见。
 Mon, 17 Dec 2018 17:04:21  INFO BasePage.py wait_eleVisible [ line:37 ] 等待结束，等待时间长为:0.02秒
 Mon, 17 Dec 2018 17:04:21  INFO BasePage.py find_element [ line:84 ] 当前元素定位类型：xpath，当前查找的元素表达式为：/html/body/div[4]/div/div/div[2]/div/div[3]/div/div/img
 Mon, 17 Dec 2018 17:04:21  INFO BasePage.py find_element [ line:86 ] 开始等待元素在当前页面可见。
 Mon, 17 Dec 2018 17:04:21  INFO BasePage.py wait_eleVisible [ line:37 ] 等待结束，等待时间长为:0.03秒
 Mon, 17 Dec 2018 17:04:22  INFO BasePage.py get_verification_code [ line:232 ] 识别的验证码为：7270
 Mon, 17 Dec 2018 17:04:22  INFO BasePage.py input_text [ line:148 ] =====执行输入操作======
输入的数据为：7270
 Mon, 17 Dec 2018 17:04:22  INFO BasePage.py find_element [ line:84 ] 当前元素定位类型：xpath，当前查找的元素表达式为：//input[@id=&apos;captchas&apos;]
 Mon, 17 Dec 2018 17:04:22  INFO BasePage.py find_element [ line:86 ] 开始等待元素在当前页面可见。
 Mon, 17 Dec 2018 17:04:22  INFO BasePage.py wait_eleVisible [ line:37 ] 等待结束，等待时间长为:0.03秒
 Mon, 17 Dec 2018 17:04:22  INFO BasePage.py click [ line:127 ] =====执行点击事件======
 Mon, 17 Dec 2018 17:04:22  INFO BasePage.py find_element [ line:84 ] 当前元素定位类型：xpath，当前查找的元素表达式为：//input[@class=&apos;btn btn_c&apos;]
 Mon, 17 Dec 2018 17:04:22  INFO BasePage.py find_element [ line:86 ] 开始等待元素在当前页面可见。
 Mon, 17 Dec 2018 17:04:22  INFO BasePage.py wait_eleVisible [ line:37 ] 等待结束，等待时间长为:0.03秒
 Mon, 17 Dec 2018 17:04:24  INFO BasePage.py click [ line:127 ] =====执行点击事件======
 Mon, 17 Dec 2018 17:04:24  INFO BasePage.py find_element [ line:84 ] 当前元素定位类型：xpath，当前查找的元素表达式为：//li[@class=&apos;hot&apos;]//a[text()=&apos;秀百贝商城&apos;]
 Mon, 17 Dec 2018 17:04:24  INFO BasePage.py find_element [ line:86 ] 开始等待元素在当前页面可见。
 Mon, 17 Dec 2018 17:04:24  INFO BasePage.py wait_eleVisible [ line:37 ] 等待结束，等待时间长为:0.06秒
 Mon, 17 Dec 2018 17:04:25  INFO BasePage.py input_text [ line:148 ] =====执行输入操作======
输入的数据为：妲己
 Mon, 17 Dec 2018 17:04:25  INFO BasePage.py find_element [ line:84 ] 当前元素定位类型：xpath，当前查找的元素表达式为：//input[@id=&apos;search&apos;]
 Mon, 17 Dec 2018 17:04:25  INFO BasePage.py find_element [ line:86 ] 开始等待元素在当前页面可见。
 Mon, 17 Dec 2018 17:04:25  INFO BasePage.py wait_eleVisible [ line:37 ] 等待结束，等待时间长为:0.04秒
 Mon, 17 Dec 2018 17:04:25  INFO BasePage.py click [ line:127 ] =====执行点击事件======
 Mon, 17 Dec 2018 17:04:25  INFO BasePage.py find_element [ line:84 ] 当前元素定位类型：xpath，当前查找的元素表达式为：//i[@class=&apos;s-icon i-search&apos;]
 Mon, 17 Dec 2018 17:04:25  INFO BasePage.py find_element [ line:86 ] 开始等待元素在当前页面可见。
 Mon, 17 Dec 2018 17:04:25  INFO BasePage.py wait_eleVisible [ line:37 ] 等待结束，等待时间长为:0.05秒
 Mon, 17 Dec 2018 17:04:26  INFO BasePage.py click [ line:127 ] =====执行点击事件======
 Mon, 17 Dec 2018 17:04:26  INFO BasePage.py find_element [ line:84 ] 当前元素定位类型：xpath，当前查找的元素表达式为：//div[@class=&apos;goods-pic&apos;]
 Mon, 17 Dec 2018 17:04:26  INFO BasePage.py find_element [ line:86 ] 开始等待元素在当前页面可见。
 Mon, 17 Dec 2018 17:04:26  INFO BasePage.py wait_eleVisible [ line:37 ] 等待结束，等待时间长为:0.05秒
 Mon, 17 Dec 2018 17:04:26  INFO BasePage.py click [ line:127 ] =====执行点击事件======
 Mon, 17 Dec 2018 17:04:26  INFO BasePage.py find_element [ line:84 ] 当前元素定位类型：xpath，当前查找的元素表达式为：//li[text()=&apos;18岁&apos;]
 Mon, 17 Dec 2018 17:04:26  INFO BasePage.py find_element [ line:86 ] 开始等待元素在当前页面可见。
 Mon, 17 Dec 2018 17:04:27  INFO BasePage.py wait_eleVisible [ line:37 ] 等待结束，等待时间长为:1.20秒
 Mon, 17 Dec 2018 17:04:27  INFO BasePage.py click [ line:127 ] =====执行点击事件======
 Mon, 17 Dec 2018 17:04:27  INFO BasePage.py find_element [ line:84 ] 当前元素定位类型：xpath，当前查找的元素表达式为：//li[text()=&apos;18岁&apos;]
 Mon, 17 Dec 2018 17:04:27  INFO BasePage.py find_element [ line:86 ] 开始等待元素在当前页面可见。
 Mon, 17 Dec 2018 17:04:27  INFO BasePage.py wait_eleVisible [ line:37 ] 等待结束，等待时间长为:0.02秒
 Mon, 17 Dec 2018 17:04:27  INFO BasePage.py click [ line:127 ] =====执行点击事件======
 Mon, 17 Dec 2018 17:04:27  INFO BasePage.py find_element [ line:84 ] 当前元素定位类型：xpath，当前查找的元素表达式为：//span[@class=&apos;num-add&apos;]
 Mon, 17 Dec 2018 17:04:27  INFO BasePage.py find_element [ line:86 ] 开始等待元素在当前页面可见。
 Mon, 17 Dec 2018 17:04:27  INFO BasePage.py wait_eleVisible [ line:37 ] 等待结束，等待时间长为:0.04秒
 Mon, 17 Dec 2018 17:04:28  INFO BasePage.py click [ line:127 ] =====执行点击事件======
 Mon, 17 Dec 2018 17:04:28  INFO BasePage.py find_element [ line:84 ] 当前元素定位类型：xpath，当前查找的元素表达式为：//span[@class=&apos;num-add&apos;]
 Mon, 17 Dec 2018 17:04:28  INFO BasePage.py find_element [ line:86 ] 开始等待元素在当前页面可见。
 Mon, 17 Dec 2018 17:04:28  INFO BasePage.py wait_eleVisible [ line:37 ] 等待结束，等待时间长为:0.02秒
 Mon, 17 Dec 2018 17:04:28  INFO BasePage.py click [ line:127 ] =====执行点击事件======
 Mon, 17 Dec 2018 17:04:28  INFO BasePage.py find_element [ line:84 ] 当前元素定位类型：xpath，当前查找的元素表达式为：//a[@class=&apos;join-cart login&apos;]
 Mon, 17 Dec 2018 17:04:28  INFO BasePage.py find_element [ line:86 ] 开始等待元素在当前页面可见。
 Mon, 17 Dec 2018 17:04:28  INFO BasePage.py wait_eleVisible [ line:37 ] 等待结束，等待时间长为:0.04秒
 Mon, 17 Dec 2018 17:04:28  INFO BasePage.py click [ line:127 ] =====执行点击事件======
 Mon, 17 Dec 2018 17:04:28  INFO BasePage.py find_element [ line:84 ] 当前元素定位类型：xpath，当前查找的元素表达式为：//a[contains(text(),&apos;购物车&apos;)]
 Mon, 17 Dec 2018 17:04:28  INFO BasePage.py find_element [ line:86 ] 开始等待元素在当前页面可见。
 Mon, 17 Dec 2018 17:04:28  INFO BasePage.py wait_eleVisible [ line:37 ] 等待结束，等待时间长为:0.04秒
 Mon, 17 Dec 2018 17:04:29  INFO BasePage.py get_text [ line:160 ] =====获取元素的文本内容======
 Mon, 17 Dec 2018 17:04:29  INFO BasePage.py find_element [ line:84 ] 当前元素定位类型：xpath，当前查找的元素表达式为：//h6[@class=&apos;cart-tit&apos;]
 Mon, 17 Dec 2018 17:04:29  INFO BasePage.py find_element [ line:86 ] 开始等待元素在当前页面可见。
 Mon, 17 Dec 2018 17:04:29  INFO BasePage.py wait_eleVisible [ line:37 ] 等待结束，等待时间长为:0.04秒
 Mon, 17 Dec 2018 17:04:29  INFO BasePage.py get_text [ line:160 ] =====获取元素的文本内容======
 Mon, 17 Dec 2018 17:04:29  INFO BasePage.py find_element [ line:84 ] 当前元素定位类型：xpath，当前查找的元素表达式为：//li[@class=&apos;Unick&apos;]/a
 Mon, 17 Dec 2018 17:04:29  INFO BasePage.py find_element [ line:86 ] 开始等待元素在当前页面可见。
 Mon, 17 Dec 2018 17:04:29  INFO BasePage.py wait_eleVisible [ line:37 ] 等待结束，等待时间长为:0.04秒
 Mon, 17 Dec 2018 17:04:29  INFO BasePage.py click [ line:127 ] =====执行点击事件======
 Mon, 17 Dec 2018 17:04:29  INFO BasePage.py find_element [ line:84 ] 当前元素定位类型：xpath，当前查找的元素表达式为：//label[@class=&apos;all-che&apos;]
 Mon, 17 Dec 2018 17:04:29  INFO BasePage.py find_element [ line:86 ] 开始等待元素在当前页面可见。
 Mon, 17 Dec 2018 17:04:29  INFO BasePage.py wait_eleVisible [ line:37 ] 等待结束，等待时间长为:0.04秒
 Mon, 17 Dec 2018 17:04:29  INFO BasePage.py get_text [ line:160 ] =====获取元素的文本内容======
 Mon, 17 Dec 2018 17:04:29  INFO BasePage.py find_element [ line:84 ] 当前元素定位类型：xpath，当前查找的元素表达式为：//h6[@class=&apos;cart-tit&apos;]//span
 Mon, 17 Dec 2018 17:04:29  INFO BasePage.py find_element [ line:86 ] 开始等待元素在当前页面可见。
 Mon, 17 Dec 2018 17:04:29  INFO BasePage.py wait_eleVisible [ line:37 ] 等待结束，等待时间长为:0.04秒
</system-err></testcase><testcase classname="TestCases.test_a_shopping_cart.Test_Shopping_cart" file="TestCases\test_a_shopping_cart.py" line="32" name="test_get_cookies" time="14.949360132217407"><system-err> Mon, 17 Dec 2018 17:04:42  INFO BasePage.py click [ line:127 ] =====执行点击事件======
 Mon, 17 Dec 2018 17:04:42  INFO BasePage.py find_element [ line:84 ] 当前元素定位类型：xpath，当前查找的元素表达式为：//li[@class=&apos;hot&apos;]//a[text()=&apos;秀百贝商城&apos;]
 Mon, 17 Dec 2018 17:04:42  INFO BasePage.py find_element [ line:86 ] 开始等待元素在当前页面可见。
 Mon, 17 Dec 2018 17:04:42  INFO BasePage.py wait_eleVisible [ line:37 ] 等待结束，等待时间长为:0.04秒
 Mon, 17 Dec 2018 17:04:43  INFO BasePage.py input_text [ line:148 ] =====执行输入操作======
输入的数据为：妲己
 Mon, 17 Dec 2018 17:04:43  INFO BasePage.py find_element [ line:84 ] 当前元素定位类型：xpath，当前查找的元素表达式为：//input[@id=&apos;search&apos;]
 Mon, 17 Dec 2018 17:04:43  INFO BasePage.py find_element [ line:86 ] 开始等待元素在当前页面可见。
 Mon, 17 Dec 2018 17:04:43  INFO BasePage.py wait_eleVisible [ line:37 ] 等待结束，等待时间长为:0.05秒
 Mon, 17 Dec 2018 17:04:43  INFO BasePage.py click [ line:127 ] =====执行点击事件======
 Mon, 17 Dec 2018 17:04:43  INFO BasePage.py find_element [ line:84 ] 当前元素定位类型：xpath，当前查找的元素表达式为：//i[@class=&apos;s-icon i-search&apos;]
 Mon, 17 Dec 2018 17:04:43  INFO BasePage.py find_element [ line:86 ] 开始等待元素在当前页面可见。
 Mon, 17 Dec 2018 17:04:43  INFO BasePage.py wait_eleVisible [ line:37 ] 等待结束，等待时间长为:0.04秒
 Mon, 17 Dec 2018 17:04:44  INFO BasePage.py click [ line:127 ] =====执行点击事件======
 Mon, 17 Dec 2018 17:04:44  INFO BasePage.py find_element [ line:84 ] 当前元素定位类型：xpath，当前查找的元素表达式为：//div[@class=&apos;goods-pic&apos;]
 Mon, 17 Dec 2018 17:04:44  INFO BasePage.py find_element [ line:86 ] 开始等待元素在当前页面可见。
 Mon, 17 Dec 2018 17:04:44  INFO BasePage.py wait_eleVisible [ line:37 ] 等待结束，等待时间长为:0.04秒
</system-err></testcase><testcase classname="TestCases.test_home_page_video.Test_Home_Page_video" file="TestCases\test_home_page_video.py" line="9" name="test_click_original_selected_picture" time="13.810933113098145"><system-err> Mon, 17 Dec 2018 17:04:56  INFO BasePage.py get_text [ line:160 ] =====获取元素的文本内容======
 Mon, 17 Dec 2018 17:04:56  INFO BasePage.py find_element [ line:84 ] 当前元素定位类型：xpath，当前查找的元素表达式为：//div[@class=&apos;tab-cont clearfix&apos;]//div[@class=&apos;v-name&apos;]
 Mon, 17 Dec 2018 17:04:56  INFO BasePage.py find_element [ line:86 ] 开始等待元素在当前页面可见。
 Mon, 17 Dec 2018 17:04:56  INFO BasePage.py wait_eleVisible [ line:37 ] 等待结束，等待时间长为:0.05秒
 Mon, 17 Dec 2018 17:04:56  INFO BasePage.py scroll_intoView [ line:122 ] 将元素滚动到可见区域。
 Mon, 17 Dec 2018 17:04:56  INFO BasePage.py get_text [ line:160 ] =====获取元素的文本内容======
 Mon, 17 Dec 2018 17:04:56  INFO BasePage.py find_element [ line:84 ] 当前元素定位类型：xpath，当前查找的元素表达式为：//div[@class=&apos;v-list headline-b&apos;]//div[@class=&apos;v-shop clearfix&apos;]//p
 Mon, 17 Dec 2018 17:04:56  INFO BasePage.py find_element [ line:86 ] 开始等待元素在当前页面可见。
 Mon, 17 Dec 2018 17:04:56  INFO BasePage.py wait_eleVisible [ line:37 ] 等待结束，等待时间长为:0.04秒
 Mon, 17 Dec 2018 17:04:56  INFO BasePage.py scroll_intoView [ line:122 ] 将元素滚动到可见区域。
 Mon, 17 Dec 2018 17:04:56  INFO BasePage.py get_element_attribute [ line:173 ] =====获取元素的属性值：src
 Mon, 17 Dec 2018 17:04:56  INFO BasePage.py find_element [ line:84 ] 当前元素定位类型：xpath，当前查找的元素表达式为：//div[@class=&apos;tab-cont clearfix&apos;]//div[@class=&apos;v-img&apos;]
 Mon, 17 Dec 2018 17:04:56  INFO BasePage.py find_element [ line:86 ] 开始等待元素在当前页面可见。
 Mon, 17 Dec 2018 17:04:56  INFO BasePage.py wait_eleVisible [ line:37 ] 等待结束，等待时间长为:0.04秒
 Mon, 17 Dec 2018 17:04:56  INFO BasePage.py scroll_intoView [ line:122 ] 将元素滚动到可见区域。
 Mon, 17 Dec 2018 17:04:56  INFO BasePage.py get_text [ line:160 ] =====获取元素的文本内容======
 Mon, 17 Dec 2018 17:04:56  INFO BasePage.py find_element [ line:84 ] 当前元素定位类型：xpath，当前查找的元素表达式为：//div[@class=&apos;tab-pic&apos;]//div[@class=&apos;video-bg&apos;]/span
 Mon, 17 Dec 2018 17:04:56  INFO BasePage.py find_element [ line:86 ] 开始等待元素在当前页面可见。
 Mon, 17 Dec 2018 17:04:56  INFO BasePage.py wait_eleVisible [ line:37 ] 等待结束，等待时间长为:0.04秒
 Mon, 17 Dec 2018 17:04:56  INFO BasePage.py scroll_intoView [ line:122 ] 将元素滚动到可见区域。
 Mon, 17 Dec 2018 17:04:56  INFO BasePage.py click [ line:127 ] =====执行点击事件======
 Mon, 17 Dec 2018 17:04:56  INFO BasePage.py find_element [ line:84 ] 当前元素定位类型：xpath，当前查找的元素表达式为：//div[@class=&apos;tab-cont clearfix&apos;]//div[@class=&apos;v-img&apos;]
 Mon, 17 Dec 2018 17:04:56  INFO BasePage.py find_element [ line:86 ] 开始等待元素在当前页面可见。
 Mon, 17 Dec 2018 17:04:56  INFO BasePage.py wait_eleVisible [ line:37 ] 等待结束，等待时间长为:0.02秒
 Mon, 17 Dec 2018 17:04:56  INFO BasePage.py scroll_intoView [ line:122 ] 将元素滚动到可见区域。
 Mon, 17 Dec 2018 17:04:56  INFO BasePage.py get_text [ line:160 ] =====获取元素的文本内容======
 Mon, 17 Dec 2018 17:04:56  INFO BasePage.py find_element [ line:84 ] 当前元素定位类型：xpath，当前查找的元素表达式为：//div[@class=&apos;v-tit&apos;]/h2
 Mon, 17 Dec 2018 17:04:56  INFO BasePage.py find_element [ line:86 ] 开始等待元素在当前页面可见。
 Mon, 17 Dec 2018 17:04:58  INFO BasePage.py wait_eleVisible [ line:37 ] 等待结束，等待时间长为:1.11秒
 Mon, 17 Dec 2018 17:04:58  INFO BasePage.py get_text [ line:160 ] =====获取元素的文本内容======
 Mon, 17 Dec 2018 17:04:58  INFO BasePage.py find_element [ line:84 ] 当前元素定位类型：xpath，当前查找的元素表达式为：//div[@class=&apos;store-l fl&apos;]//h4
 Mon, 17 Dec 2018 17:04:58  INFO BasePage.py find_element [ line:86 ] 开始等待元素在当前页面可见。
 Mon, 17 Dec 2018 17:04:58  INFO BasePage.py wait_eleVisible [ line:37 ] 等待结束，等待时间长为:0.05秒
</system-err></testcase><testcase classname="TestCases.test_home_page_video.Test_Home_Page_video" file="TestCases\test_home_page_video.py" line="25" name="test_click_original_selected_title" time="23.74588108062744"><failure message="selenium.common.exceptions.TimeoutException: Message:">self = &lt;TestCases.test_home_page_video.Test_Home_Page_video object at 0x000000000D577C88&gt;
add_cookie_to_be_in_login_state = &lt;selenium.webdriver.chrome.webdriver.WebDriver (session=&quot;6b3aeb9f9dc3996f59c3dccad94d7b00&quot;)&gt;

    @pytest.mark.gg
    @pytest.mark.usefixtures(&apos;add_cookie_to_be_in_login_state&apos;)
    def test_click_original_selected_title(self,add_cookie_to_be_in_login_state):
        home=HomePage(add_cookie_to_be_in_login_state)
        dict_home=home.get_original_selected_title_authors_picture_time()
        #点击标题
&gt;       home.click_original_selected_video_title()

TestCases\test_home_page_video.py:32: 
_ _ _ _ _ _ _ _ _ _ _ _ _ _ _ _ _ _ _ _ _ _ _ _ _ _ _ _ _ _ _ _ _ _ _ _ _ _ _ _
PageObjects\home_page.py:78: in click_original_selected_video_title
    self.wait_new_window_is_opened(current_handles)
PageObjects\BasePage.py:68: in wait_new_window_is_opened
    WebDriverWait(self.driver,10,1).until(EC.new_window_is_opened(current_handles))
_ _ _ _ _ _ _ _ _ _ _ _ _ _ _ _ _ _ _ _ _ _ _ _ _ _ _ _ _ _ _ _ _ _ _ _ _ _ _ _

self = &lt;selenium.webdriver.support.wait.WebDriverWait (session=&quot;6b3aeb9f9dc3996f59c3dccad94d7b00&quot;)&gt;
method = &lt;selenium.webdriver.support.expected_conditions.new_window_is_opened object at 0x000000000D3C3898&gt;
message = &apos;&apos;

    def until(self, method, message=&apos;&apos;):
        &quot;&quot;&quot;Calls the method provided with the driver as an argument until the \
        return value is not False.&quot;&quot;&quot;
        screen = None
        stacktrace = None
    
        end_time = time.time() + self._timeout
        while True:
            try:
                value = method(self._driver)
                if value:
                    return value
            except self._ignored_exceptions as exc:
                screen = getattr(exc, &apos;screen&apos;, None)
                stacktrace = getattr(exc, &apos;stacktrace&apos;, None)
            time.sleep(self._poll)
            if time.time() &gt; end_time:
                break
&gt;       raise TimeoutException(message, screen, stacktrace)
E       selenium.common.exceptions.TimeoutException: Message:

C:\Python34\lib\site-packages\selenium\webdriver\support\wait.py:80: TimeoutException</failure><system-err> Mon, 17 Dec 2018 17:05:10  INFO BasePage.py get_text [ line:160 ] =====获取元素的文本内容======
 Mon, 17 Dec 2018 17:05:10  INFO BasePage.py find_element [ line:84 ] 当前元素定位类型：xpath，当前查找的元素表达式为：//div[@class=&apos;tab-cont clearfix&apos;]//div[@class=&apos;v-name&apos;]
 Mon, 17 Dec 2018 17:05:10  INFO BasePage.py find_element [ line:86 ] 开始等待元素在当前页面可见。
 Mon, 17 Dec 2018 17:05:10  INFO BasePage.py wait_eleVisible [ line:37 ] 等待结束，等待时间长为:0.04秒
 Mon, 17 Dec 2018 17:05:10  INFO BasePage.py scroll_intoView [ line:122 ] 将元素滚动到可见区域。
 Mon, 17 Dec 2018 17:05:10  INFO BasePage.py get_text [ line:160 ] =====获取元素的文本内容======
 Mon, 17 Dec 2018 17:05:10  INFO BasePage.py find_element [ line:84 ] 当前元素定位类型：xpath，当前查找的元素表达式为：//div[@class=&apos;v-list headline-b&apos;]//div[@class=&apos;v-shop clearfix&apos;]//p
 Mon, 17 Dec 2018 17:05:10  INFO BasePage.py find_element [ line:86 ] 开始等待元素在当前页面可见。
 Mon, 17 Dec 2018 17:05:10  INFO BasePage.py wait_eleVisible [ line:37 ] 等待结束，等待时间长为:0.04秒
 Mon, 17 Dec 2018 17:05:10  INFO BasePage.py scroll_intoView [ line:122 ] 将元素滚动到可见区域。
 Mon, 17 Dec 2018 17:05:10  INFO BasePage.py get_element_attribute [ line:173 ] =====获取元素的属性值：src
 Mon, 17 Dec 2018 17:05:10  INFO BasePage.py find_element [ line:84 ] 当前元素定位类型：xpath，当前查找的元素表达式为：//div[@class=&apos;tab-cont clearfix&apos;]//div[@class=&apos;v-img&apos;]
 Mon, 17 Dec 2018 17:05:10  INFO BasePage.py find_element [ line:86 ] 开始等待元素在当前页面可见。
 Mon, 17 Dec 2018 17:05:10  INFO BasePage.py wait_eleVisible [ line:37 ] 等待结束，等待时间长为:0.04秒
 Mon, 17 Dec 2018 17:05:10  INFO BasePage.py scroll_intoView [ line:122 ] 将元素滚动到可见区域。
 Mon, 17 Dec 2018 17:05:10  INFO BasePage.py get_text [ line:160 ] =====获取元素的文本内容======
 Mon, 17 Dec 2018 17:05:10  INFO BasePage.py find_element [ line:84 ] 当前元素定位类型：xpath，当前查找的元素表达式为：//div[@class=&apos;tab-pic&apos;]//div[@class=&apos;video-bg&apos;]/span
 Mon, 17 Dec 2018 17:05:10  INFO BasePage.py find_element [ line:86 ] 开始等待元素在当前页面可见。
 Mon, 17 Dec 2018 17:05:10  INFO BasePage.py wait_eleVisible [ line:37 ] 等待结束，等待时间长为:0.04秒
 Mon, 17 Dec 2018 17:05:10  INFO BasePage.py scroll_intoView [ line:122 ] 将元素滚动到可见区域。
 Mon, 17 Dec 2018 17:05:10  INFO BasePage.py click [ line:127 ] =====执行点击事件======
 Mon, 17 Dec 2018 17:05:10  INFO BasePage.py find_element [ line:84 ] 当前元素定位类型：xpath，当前查找的元素表达式为：//div[@class=&apos;tab-cont clearfix&apos;]//div[@class=&apos;v-name&apos;]
 Mon, 17 Dec 2018 17:05:10  INFO BasePage.py find_element [ line:86 ] 开始等待元素在当前页面可见。
 Mon, 17 Dec 2018 17:05:10  INFO BasePage.py wait_eleVisible [ line:37 ] 等待结束，等待时间长为:0.03秒
 Mon, 17 Dec 2018 17:05:10  INFO BasePage.py scroll_intoView [ line:122 ] 将元素滚动到可见区域。
</system-err></testcase><testcase classname="TestCases.test_home_page_video.Test_Home_Page_video" file="TestCases\test_home_page_video.py" line="40" name="test_click_original_selected_left_arrow" time="27.34445023536682"><system-err> Mon, 17 Dec 2018 17:05:33  INFO BasePage.py click [ line:127 ] =====执行点击事件======
 Mon, 17 Dec 2018 17:05:33  INFO BasePage.py find_element [ line:84 ] 当前元素定位类型：xpath，当前查找的元素表达式为：//ul[@class=&apos;headNav clearfix&apos;]//a[text()=&apos;登录&apos;]
 Mon, 17 Dec 2018 17:05:33  INFO BasePage.py find_element [ line:86 ] 开始等待元素在当前页面可见。
 Mon, 17 Dec 2018 17:05:33  INFO BasePage.py wait_eleVisible [ line:37 ] 等待结束，等待时间长为:0.04秒
 Mon, 17 Dec 2018 17:05:33  INFO BasePage.py input_text [ line:148 ] =====执行输入操作======
输入的数据为：13819480751
 Mon, 17 Dec 2018 17:05:33  INFO BasePage.py find_element [ line:84 ] 当前元素定位类型：xpath，当前查找的元素表达式为：//input[@class=&apos;user mobile&apos;]
 Mon, 17 Dec 2018 17:05:33  INFO BasePage.py find_element [ line:86 ] 开始等待元素在当前页面可见。
 Mon, 17 Dec 2018 17:05:33  INFO BasePage.py wait_eleVisible [ line:37 ] 等待结束，等待时间长为:0.05秒
 Mon, 17 Dec 2018 17:05:34  INFO BasePage.py input_text [ line:148 ] =====执行输入操作======
输入的数据为：abc123
 Mon, 17 Dec 2018 17:05:34  INFO BasePage.py find_element [ line:84 ] 当前元素定位类型：xpath，当前查找的元素表达式为：//input[@name=&apos;paswrd&apos;]
 Mon, 17 Dec 2018 17:05:34  INFO BasePage.py find_element [ line:86 ] 开始等待元素在当前页面可见。
 Mon, 17 Dec 2018 17:05:34  INFO BasePage.py wait_eleVisible [ line:37 ] 等待结束，等待时间长为:0.04秒
 Mon, 17 Dec 2018 17:05:34  INFO BasePage.py find_element [ line:84 ] 当前元素定位类型：xpath，当前查找的元素表达式为：//input[@id=&apos;captchas&apos;]
 Mon, 17 Dec 2018 17:05:34  INFO BasePage.py find_element [ line:86 ] 开始等待元素在当前页面可见。
 Mon, 17 Dec 2018 17:05:34  INFO BasePage.py wait_eleVisible [ line:37 ] 等待结束，等待时间长为:0.05秒
 Mon, 17 Dec 2018 17:05:34  INFO BasePage.py find_element [ line:84 ] 当前元素定位类型：xpath，当前查找的元素表达式为：/html/body/div[4]/div/div/div[2]/div/div[3]/div/div/img
 Mon, 17 Dec 2018 17:05:34  INFO BasePage.py find_element [ line:86 ] 开始等待元素在当前页面可见。
 Mon, 17 Dec 2018 17:05:34  INFO BasePage.py wait_eleVisible [ line:37 ] 等待结束，等待时间长为:0.04秒
 Mon, 17 Dec 2018 17:05:35  INFO BasePage.py get_verification_code [ line:232 ] 识别的验证码为：6416
 Mon, 17 Dec 2018 17:05:35  INFO BasePage.py input_text [ line:148 ] =====执行输入操作======
输入的数据为：6416
 Mon, 17 Dec 2018 17:05:35  INFO BasePage.py find_element [ line:84 ] 当前元素定位类型：xpath，当前查找的元素表达式为：//input[@id=&apos;captchas&apos;]
 Mon, 17 Dec 2018 17:05:35  INFO BasePage.py find_element [ line:86 ] 开始等待元素在当前页面可见。
 Mon, 17 Dec 2018 17:05:35  INFO BasePage.py wait_eleVisible [ line:37 ] 等待结束，等待时间长为:0.02秒
 Mon, 17 Dec 2018 17:05:35  INFO BasePage.py click [ line:127 ] =====执行点击事件======
 Mon, 17 Dec 2018 17:05:35  INFO BasePage.py find_element [ line:84 ] 当前元素定位类型：xpath，当前查找的元素表达式为：//input[@class=&apos;btn btn_c&apos;]
 Mon, 17 Dec 2018 17:05:35  INFO BasePage.py find_element [ line:86 ] 开始等待元素在当前页面可见。
 Mon, 17 Dec 2018 17:05:35  INFO BasePage.py wait_eleVisible [ line:37 ] 等待结束，等待时间长为:0.04秒
 Mon, 17 Dec 2018 17:05:37  INFO BasePage.py find_element [ line:84 ] 当前元素定位类型：xpath，当前查找的元素表达式为：//input[@id=&apos;captchas&apos;]
 Mon, 17 Dec 2018 17:05:37  INFO BasePage.py find_element [ line:86 ] 开始等待元素在当前页面可见。
 Mon, 17 Dec 2018 17:05:37  INFO BasePage.py wait_eleVisible [ line:37 ] 等待结束，等待时间长为:0.03秒
 Mon, 17 Dec 2018 17:05:37  INFO BasePage.py find_element [ line:84 ] 当前元素定位类型：xpath，当前查找的元素表达式为：/html/body/div[4]/div/div/div[2]/div/div[3]/div/div/img
 Mon, 17 Dec 2018 17:05:37  INFO BasePage.py find_element [ line:86 ] 开始等待元素在当前页面可见。
 Mon, 17 Dec 2018 17:05:37  INFO BasePage.py wait_eleVisible [ line:37 ] 等待结束，等待时间长为:0.02秒
 Mon, 17 Dec 2018 17:05:38  INFO BasePage.py get_verification_code [ line:232 ] 识别的验证码为：1969
 Mon, 17 Dec 2018 17:05:38  INFO BasePage.py input_text [ line:148 ] =====执行输入操作======
输入的数据为：1969
 Mon, 17 Dec 2018 17:05:38  INFO BasePage.py find_element [ line:84 ] 当前元素定位类型：xpath，当前查找的元素表达式为：//input[@id=&apos;captchas&apos;]
 Mon, 17 Dec 2018 17:05:38  INFO BasePage.py find_element [ line:86 ] 开始等待元素在当前页面可见。
 Mon, 17 Dec 2018 17:05:38  INFO BasePage.py wait_eleVisible [ line:37 ] 等待结束，等待时间长为:0.02秒
 Mon, 17 Dec 2018 17:05:38  INFO BasePage.py click [ line:127 ] =====执行点击事件======
 Mon, 17 Dec 2018 17:05:38  INFO BasePage.py find_element [ line:84 ] 当前元素定位类型：xpath，当前查找的元素表达式为：//input[@class=&apos;btn btn_c&apos;]
 Mon, 17 Dec 2018 17:05:38  INFO BasePage.py find_element [ line:86 ] 开始等待元素在当前页面可见。
 Mon, 17 Dec 2018 17:05:38  INFO BasePage.py wait_eleVisible [ line:37 ] 等待结束，等待时间长为:0.02秒
 Mon, 17 Dec 2018 17:05:39  INFO BasePage.py find_element [ line:84 ] 当前元素定位类型：xpath，当前查找的元素表达式为：//input[@id=&apos;captchas&apos;]
 Mon, 17 Dec 2018 17:05:39  INFO BasePage.py find_element [ line:86 ] 开始等待元素在当前页面可见。
 Mon, 17 Dec 2018 17:05:39  INFO BasePage.py wait_eleVisible [ line:37 ] 等待结束，等待时间长为:0.03秒
 Mon, 17 Dec 2018 17:05:39  INFO BasePage.py find_element [ line:84 ] 当前元素定位类型：xpath，当前查找的元素表达式为：/html/body/div[4]/div/div/div[2]/div/div[3]/div/div/img
 Mon, 17 Dec 2018 17:05:39  INFO BasePage.py find_element [ line:86 ] 开始等待元素在当前页面可见。
 Mon, 17 Dec 2018 17:05:39  INFO BasePage.py wait_eleVisible [ line:37 ] 等待结束，等待时间长为:0.02秒
 Mon, 17 Dec 2018 17:05:40  INFO BasePage.py get_verification_code [ line:232 ] 识别的验证码为：o0oT
 Mon, 17 Dec 2018 17:05:40  INFO BasePage.py input_text [ line:148 ] =====执行输入操作======
输入的数据为：o0oT
 Mon, 17 Dec 2018 17:05:40  INFO BasePage.py find_element [ line:84 ] 当前元素定位类型：xpath，当前查找的元素表达式为：//input[@id=&apos;captchas&apos;]
 Mon, 17 Dec 2018 17:05:40  INFO BasePage.py find_element [ line:86 ] 开始等待元素在当前页面可见。
 Mon, 17 Dec 2018 17:05:40  INFO BasePage.py wait_eleVisible [ line:37 ] 等待结束，等待时间长为:0.02秒
 Mon, 17 Dec 2018 17:05:40  INFO BasePage.py click [ line:127 ] =====执行点击事件======
 Mon, 17 Dec 2018 17:05:40  INFO BasePage.py find_element [ line:84 ] 当前元素定位类型：xpath，当前查找的元素表达式为：//input[@class=&apos;btn btn_c&apos;]
 Mon, 17 Dec 2018 17:05:40  INFO BasePage.py find_element [ line:86 ] 开始等待元素在当前页面可见。
 Mon, 17 Dec 2018 17:05:40  INFO BasePage.py wait_eleVisible [ line:37 ] 等待结束，等待时间长为:0.02秒
 Mon, 17 Dec 2018 17:05:42  INFO BasePage.py find_element [ line:84 ] 当前元素定位类型：xpath，当前查找的元素表达式为：//input[@id=&apos;captchas&apos;]
 Mon, 17 Dec 2018 17:05:42  INFO BasePage.py find_element [ line:86 ] 开始等待元素在当前页面可见。
 Mon, 17 Dec 2018 17:05:42  INFO BasePage.py wait_eleVisible [ line:37 ] 等待结束，等待时间长为:0.03秒
 Mon, 17 Dec 2018 17:05:42  INFO BasePage.py find_element [ line:84 ] 当前元素定位类型：xpath，当前查找的元素表达式为：/html/body/div[4]/div/div/div[2]/div/div[3]/div/div/img
 Mon, 17 Dec 2018 17:05:42  INFO BasePage.py find_element [ line:86 ] 开始等待元素在当前页面可见。
 Mon, 17 Dec 2018 17:05:42  INFO BasePage.py wait_eleVisible [ line:37 ] 等待结束，等待时间长为:0.03秒
 Mon, 17 Dec 2018 17:05:43  INFO BasePage.py get_verification_code [ line:232 ] 识别的验证码为：9271
 Mon, 17 Dec 2018 17:05:43  INFO BasePage.py input_text [ line:148 ] =====执行输入操作======
输入的数据为：9271
 Mon, 17 Dec 2018 17:05:43  INFO BasePage.py find_element [ line:84 ] 当前元素定位类型：xpath，当前查找的元素表达式为：//input[@id=&apos;captchas&apos;]
 Mon, 17 Dec 2018 17:05:43  INFO BasePage.py find_element [ line:86 ] 开始等待元素在当前页面可见。
 Mon, 17 Dec 2018 17:05:43  INFO BasePage.py wait_eleVisible [ line:37 ] 等待结束，等待时间长为:0.02秒
 Mon, 17 Dec 2018 17:05:43  INFO BasePage.py click [ line:127 ] =====执行点击事件======
 Mon, 17 Dec 2018 17:05:43  INFO BasePage.py find_element [ line:84 ] 当前元素定位类型：xpath，当前查找的元素表达式为：//input[@class=&apos;btn btn_c&apos;]
 Mon, 17 Dec 2018 17:05:43  INFO BasePage.py find_element [ line:86 ] 开始等待元素在当前页面可见。
 Mon, 17 Dec 2018 17:05:43  INFO BasePage.py wait_eleVisible [ line:37 ] 等待结束，等待时间长为:0.02秒
 Mon, 17 Dec 2018 17:05:45  INFO BasePage.py get_text [ line:160 ] =====获取元素的文本内容======
 Mon, 17 Dec 2018 17:05:45  INFO BasePage.py find_element [ line:84 ] 当前元素定位类型：xpath，当前查找的元素表达式为：//div[@class=&apos;tab-cont clearfix&apos;]//div[@class=&apos;v-name&apos;]
 Mon, 17 Dec 2018 17:05:45  INFO BasePage.py find_element [ line:86 ] 开始等待元素在当前页面可见。
 Mon, 17 Dec 2018 17:05:45  INFO BasePage.py wait_eleVisible [ line:37 ] 等待结束，等待时间长为:0.04秒
 Mon, 17 Dec 2018 17:05:45  INFO BasePage.py scroll_intoView [ line:122 ] 将元素滚动到可见区域。
 Mon, 17 Dec 2018 17:05:45  INFO BasePage.py click [ line:127 ] =====执行点击事件======
 Mon, 17 Dec 2018 17:05:45  INFO BasePage.py find_element [ line:84 ] 当前元素定位类型：xpath，当前查找的元素表达式为：//div[@class=&apos;v-list headline-b&apos;]//li[@class=&apos;i-prev &apos;]
 Mon, 17 Dec 2018 17:05:45  INFO BasePage.py find_element [ line:86 ] 开始等待元素在当前页面可见。
 Mon, 17 Dec 2018 17:05:45  INFO BasePage.py wait_eleVisible [ line:37 ] 等待结束，等待时间长为:0.04秒
 Mon, 17 Dec 2018 17:05:45  INFO BasePage.py scroll_intoView [ line:122 ] 将元素滚动到可见区域。
 Mon, 17 Dec 2018 17:05:47  INFO BasePage.py get_text [ line:160 ] =====获取元素的文本内容======
 Mon, 17 Dec 2018 17:05:47  INFO BasePage.py find_element [ line:84 ] 当前元素定位类型：xpath，当前查找的元素表达式为：/html/body/div[9]/div[4]/div/div[2]/div[2]/div/ul[3]/li[1]/div[2]/div[1]/a/p
 Mon, 17 Dec 2018 17:05:47  INFO BasePage.py find_element [ line:86 ] 开始等待元素在当前页面可见。
 Mon, 17 Dec 2018 17:05:47  INFO BasePage.py wait_eleVisible [ line:37 ] 等待结束，等待时间长为:0.05秒
 Mon, 17 Dec 2018 17:05:47  INFO BasePage.py scroll_intoView [ line:122 ] 将元素滚动到可见区域。
 Mon, 17 Dec 2018 17:05:47  INFO BasePage.py click [ line:127 ] =====执行点击事件======
 Mon, 17 Dec 2018 17:05:47  INFO BasePage.py find_element [ line:84 ] 当前元素定位类型：xpath，当前查找的元素表达式为：//div[@class=&apos;v-list headline-b&apos;]//li[@class=&apos;i-next &apos;]
 Mon, 17 Dec 2018 17:05:47  INFO BasePage.py find_element [ line:86 ] 开始等待元素在当前页面可见。
 Mon, 17 Dec 2018 17:05:47  INFO BasePage.py wait_eleVisible [ line:37 ] 等待结束，等待时间长为:0.04秒
 Mon, 17 Dec 2018 17:05:47  INFO BasePage.py scroll_intoView [ line:122 ] 将元素滚动到可见区域。
 Mon, 17 Dec 2018 17:05:49  INFO BasePage.py click [ line:127 ] =====执行点击事件======
 Mon, 17 Dec 2018 17:05:49  INFO BasePage.py find_element [ line:84 ] 当前元素定位类型：xpath，当前查找的元素表达式为：//div[@class=&apos;v-list headline-b&apos;]//li[@class=&apos;i-next &apos;]
 Mon, 17 Dec 2018 17:05:49  INFO BasePage.py find_element [ line:86 ] 开始等待元素在当前页面可见。
 Mon, 17 Dec 2018 17:05:49  INFO BasePage.py wait_eleVisible [ line:37 ] 等待结束，等待时间长为:0.03秒
 Mon, 17 Dec 2018 17:05:49  INFO BasePage.py scroll_intoView [ line:122 ] 将元素滚动到可见区域。
 Mon, 17 Dec 2018 17:05:49  INFO BasePage.py get_text [ line:160 ] =====获取元素的文本内容======
 Mon, 17 Dec 2018 17:05:49  INFO BasePage.py find_element [ line:84 ] 当前元素定位类型：xpath，当前查找的元素表达式为：/html/body/div[9]/div[4]/div/div[2]/div[2]/div/ul[2]/li[1]/div[2]/div[1]/a/p
 Mon, 17 Dec 2018 17:05:49  INFO BasePage.py find_element [ line:86 ] 开始等待元素在当前页面可见。
 Mon, 17 Dec 2018 17:05:49  INFO BasePage.py wait_eleVisible [ line:37 ] 等待结束，等待时间长为:0.05秒
 Mon, 17 Dec 2018 17:05:49  INFO BasePage.py scroll_intoView [ line:122 ] 将元素滚动到可见区域。
</system-err></testcase></testsuite>