<?xml version="1.0" encoding="utf-8"?><testsuite errors="0" failures="0" name="pytest" skips="0" tests="1" time="21.397"><testcase classname="TestCases.test_home_page_video.Test_Home_Page_video" file="TestCases\test_home_page_video.py" line="40" name="test_click_original_selected_left_arrow" time="20.988280773162842"><system-err> Mon, 17 Dec 2018 17:03:22  INFO BasePage.py click [ line:127 ] =====执行点击事件======
 Mon, 17 Dec 2018 17:03:22  INFO BasePage.py find_element [ line:84 ] 当前元素定位类型：xpath，当前查找的元素表达式为：//ul[@class=&apos;headNav clearfix&apos;]//a[text()=&apos;登录&apos;]
 Mon, 17 Dec 2018 17:03:22  INFO BasePage.py find_element [ line:86 ] 开始等待元素在当前页面可见。
 Mon, 17 Dec 2018 17:03:23  INFO BasePage.py wait_eleVisible [ line:37 ] 等待结束，等待时间长为:0.55秒
 Mon, 17 Dec 2018 17:03:23  INFO BasePage.py input_text [ line:148 ] =====执行输入操作======
输入的数据为：13819480751
 Mon, 17 Dec 2018 17:03:23  INFO BasePage.py find_element [ line:84 ] 当前元素定位类型：xpath，当前查找的元素表达式为：//input[@class=&apos;user mobile&apos;]
 Mon, 17 Dec 2018 17:03:23  INFO BasePage.py find_element [ line:86 ] 开始等待元素在当前页面可见。
 Mon, 17 Dec 2018 17:03:23  INFO BasePage.py wait_eleVisible [ line:37 ] 等待结束，等待时间长为:0.06秒
 Mon, 17 Dec 2018 17:03:23  INFO BasePage.py input_text [ line:148 ] =====执行输入操作======
输入的数据为：abc123
 Mon, 17 Dec 2018 17:03:23  INFO BasePage.py find_element [ line:84 ] 当前元素定位类型：xpath，当前查找的元素表达式为：//input[@name=&apos;paswrd&apos;]
 Mon, 17 Dec 2018 17:03:23  INFO BasePage.py find_element [ line:86 ] 开始等待元素在当前页面可见。
 Mon, 17 Dec 2018 17:03:23  INFO BasePage.py wait_eleVisible [ line:37 ] 等待结束，等待时间长为:0.04秒
 Mon, 17 Dec 2018 17:03:23  INFO BasePage.py find_element [ line:84 ] 当前元素定位类型：xpath，当前查找的元素表达式为：//input[@id=&apos;captchas&apos;]
 Mon, 17 Dec 2018 17:03:23  INFO BasePage.py find_element [ line:86 ] 开始等待元素在当前页面可见。
 Mon, 17 Dec 2018 17:03:23  INFO BasePage.py wait_eleVisible [ line:37 ] 等待结束，等待时间长为:0.04秒
 Mon, 17 Dec 2018 17:03:23  INFO BasePage.py find_element [ line:84 ] 当前元素定位类型：xpath，当前查找的元素表达式为：/html/body/div[4]/div/div/div[2]/div/div[3]/div/div/img
 Mon, 17 Dec 2018 17:03:23  INFO BasePage.py find_element [ line:86 ] 开始等待元素在当前页面可见。
 Mon, 17 Dec 2018 17:03:23  INFO BasePage.py wait_eleVisible [ line:37 ] 等待结束，等待时间长为:0.04秒
 Mon, 17 Dec 2018 17:03:24  INFO BasePage.py get_verification_code [ line:232 ] 识别的验证码为：8603
 Mon, 17 Dec 2018 17:03:24  INFO BasePage.py input_text [ line:148 ] =====执行输入操作======
输入的数据为：8603
 Mon, 17 Dec 2018 17:03:24  INFO BasePage.py find_element [ line:84 ] 当前元素定位类型：xpath，当前查找的元素表达式为：//input[@id=&apos;captchas&apos;]
 Mon, 17 Dec 2018 17:03:24  INFO BasePage.py find_element [ line:86 ] 开始等待元素在当前页面可见。
 Mon, 17 Dec 2018 17:03:24  INFO BasePage.py wait_eleVisible [ line:37 ] 等待结束，等待时间长为:0.03秒
 Mon, 17 Dec 2018 17:03:24  INFO BasePage.py click [ line:127 ] =====执行点击事件======
 Mon, 17 Dec 2018 17:03:24  INFO BasePage.py find_element [ line:84 ] 当前元素定位类型：xpath，当前查找的元素表达式为：//input[@class=&apos;btn btn_c&apos;]
 Mon, 17 Dec 2018 17:03:24  INFO BasePage.py find_element [ line:86 ] 开始等待元素在当前页面可见。
 Mon, 17 Dec 2018 17:03:24  INFO BasePage.py wait_eleVisible [ line:37 ] 等待结束，等待时间长为:0.04秒
 Mon, 17 Dec 2018 17:03:26  INFO BasePage.py get_text [ line:160 ] =====获取元素的文本内容======
 Mon, 17 Dec 2018 17:03:26  INFO BasePage.py find_element [ line:84 ] 当前元素定位类型：xpath，当前查找的元素表达式为：//div[@class=&apos;tab-cont clearfix&apos;]//div[@class=&apos;v-name&apos;]
 Mon, 17 Dec 2018 17:03:26  INFO BasePage.py find_element [ line:86 ] 开始等待元素在当前页面可见。
 Mon, 17 Dec 2018 17:03:26  INFO BasePage.py wait_eleVisible [ line:37 ] 等待结束，等待时间长为:0.04秒
 Mon, 17 Dec 2018 17:03:26  INFO BasePage.py scroll_intoView [ line:122 ] 将元素滚动到可见区域。
 Mon, 17 Dec 2018 17:03:26  INFO BasePage.py click [ line:127 ] =====执行点击事件======
 Mon, 17 Dec 2018 17:03:26  INFO BasePage.py find_element [ line:84 ] 当前元素定位类型：xpath，当前查找的元素表达式为：//div[@class=&apos;v-list headline-b&apos;]//li[@class=&apos;i-prev &apos;]
 Mon, 17 Dec 2018 17:03:26  INFO BasePage.py find_element [ line:86 ] 开始等待元素在当前页面可见。
 Mon, 17 Dec 2018 17:03:26  INFO BasePage.py wait_eleVisible [ line:37 ] 等待结束，等待时间长为:0.04秒
 Mon, 17 Dec 2018 17:03:26  INFO BasePage.py scroll_intoView [ line:122 ] 将元素滚动到可见区域。
 Mon, 17 Dec 2018 17:03:28  INFO BasePage.py get_text [ line:160 ] =====获取元素的文本内容======
 Mon, 17 Dec 2018 17:03:28  INFO BasePage.py find_element [ line:84 ] 当前元素定位类型：xpath，当前查找的元素表达式为：/html/body/div[9]/div[4]/div/div[2]/div[2]/div/ul[3]/li[1]/div[2]/div[1]/a/p
 Mon, 17 Dec 2018 17:03:28  INFO BasePage.py find_element [ line:86 ] 开始等待元素在当前页面可见。
 Mon, 17 Dec 2018 17:03:28  INFO BasePage.py wait_eleVisible [ line:37 ] 等待结束，等待时间长为:0.06秒
 Mon, 17 Dec 2018 17:03:28  INFO BasePage.py scroll_intoView [ line:122 ] 将元素滚动到可见区域。
 Mon, 17 Dec 2018 17:03:28  INFO BasePage.py click [ line:127 ] =====执行点击事件======
 Mon, 17 Dec 2018 17:03:28  INFO BasePage.py find_element [ line:84 ] 当前元素定位类型：xpath，当前查找的元素表达式为：//div[@class=&apos;v-list headline-b&apos;]//li[@class=&apos;i-next &apos;]
 Mon, 17 Dec 2018 17:03:28  INFO BasePage.py find_element [ line:86 ] 开始等待元素在当前页面可见。
 Mon, 17 Dec 2018 17:03:28  INFO BasePage.py wait_eleVisible [ line:37 ] 等待结束，等待时间长为:0.04秒
 Mon, 17 Dec 2018 17:03:28  INFO BasePage.py scroll_intoView [ line:122 ] 将元素滚动到可见区域。
 Mon, 17 Dec 2018 17:03:30  INFO BasePage.py click [ line:127 ] =====执行点击事件======
 Mon, 17 Dec 2018 17:03:30  INFO BasePage.py find_element [ line:84 ] 当前元素定位类型：xpath，当前查找的元素表达式为：//div[@class=&apos;v-list headline-b&apos;]//li[@class=&apos;i-next &apos;]
 Mon, 17 Dec 2018 17:03:30  INFO BasePage.py find_element [ line:86 ] 开始等待元素在当前页面可见。
 Mon, 17 Dec 2018 17:03:30  INFO BasePage.py wait_eleVisible [ line:37 ] 等待结束，等待时间长为:0.03秒
 Mon, 17 Dec 2018 17:03:30  INFO BasePage.py scroll_intoView [ line:122 ] 将元素滚动到可见区域。
 Mon, 17 Dec 2018 17:03:31  INFO BasePage.py get_text [ line:160 ] =====获取元素的文本内容======
 Mon, 17 Dec 2018 17:03:31  INFO BasePage.py find_element [ line:84 ] 当前元素定位类型：xpath，当前查找的元素表达式为：/html/body/div[9]/div[4]/div/div[2]/div[2]/div/ul[2]/li[1]/div[2]/div[1]/a/p
 Mon, 17 Dec 2018 17:03:31  INFO BasePage.py find_element [ line:86 ] 开始等待元素在当前页面可见。
 Mon, 17 Dec 2018 17:03:31  INFO BasePage.py wait_eleVisible [ line:37 ] 等待结束，等待时间长为:0.05秒
 Mon, 17 Dec 2018 17:03:31  INFO BasePage.py scroll_intoView [ line:122 ] 将元素滚动到可见区域。
</system-err></testcase></testsuite>