<?xml version="1.0" encoding="utf-8"?><testsuite errors="0" failures="3" name="pytest" skips="0" tests="5" time="193.933"><testcase classname="TestCases.test_a_shopping_cart.Test_Shopping_cart" file="TestCases\test_a_shopping_cart.py" line="9" name="test_a_shopping_cart" time="70.33188080787659"><failure message="selenium.common.exceptions.TimeoutException: Message:">self = &lt;TestCases.test_a_shopping_cart.Test_Shopping_cart object at 0x00000000056105C0&gt;
login_web = &lt;selenium.webdriver.chrome.webdriver.WebDriver (session=&quot;fc8a3fed0b5b6677ded60ddcc38baf23&quot;)&gt;

    @pytest.mark.gg
    @pytest.mark.usefixtures(&apos;login_web&apos;)
    def test_a_shopping_cart(self,login_web):
        home=HomePage(login_web)
        home.click_head_mall_button()
        mall=MallPage(login_web)
        mall.search_goods()
        mall.click_goods_picture()
        details=GoodsDetailPage(login_web)
        details.choose_specifications_and_num()
        details.add_shopping_cat()
&gt;       details.click_head_shopping_cart()

TestCases\test_a_shopping_cart.py:21: 
_ _ _ _ _ _ _ _ _ _ _ _ _ _ _ _ _ _ _ _ _ _ _ _ _ _ _ _ _ _ _ _ _ _ _ _ _ _ _ _
PageObjects\goods_details_page.py:41: in click_head_shopping_cart
    self.click(self.head_shopping_cart_button)
PageObjects\BasePage.py:128: in click
    ele = self.find_element(locator,by,wait_times,type)
PageObjects\BasePage.py:87: in find_element
    self.wait_eleVisible(locator,by,wait_times)
PageObjects\BasePage.py:42: in wait_eleVisible
    raise e
PageObjects\BasePage.py:34: in wait_eleVisible
    WebDriverWait(self.driver,wait_times,1).until(EC.visibility_of_element_located((by,locator)))
_ _ _ _ _ _ _ _ _ _ _ _ _ _ _ _ _ _ _ _ _ _ _ _ _ _ _ _ _ _ _ _ _ _ _ _ _ _ _ _

self = &lt;selenium.webdriver.support.wait.WebDriverWait (session=&quot;fc8a3fed0b5b6677ded60ddcc38baf23&quot;)&gt;
method = &lt;selenium.webdriver.support.expected_conditions.visibility_of_element_located object at 0x000000000D9D2400&gt;
message = &apos;&apos;

    def until(self, method, message=&apos;&apos;):
        &quot;&quot;&quot;Calls the method provided with the driver as an argument until the \
        return value is not False.&quot;&quot;&quot;
        screen = None
        stacktrace = None
    
        end_time = time.time() + self._timeout
        while True:
            try:
                value = method(self._driver)
                if value:
                    return value
            except self._ignored_exceptions as exc:
                screen = getattr(exc, &apos;screen&apos;, None)
                stacktrace = getattr(exc, &apos;stacktrace&apos;, None)
            time.sleep(self._poll)
            if time.time() &gt; end_time:
                break
&gt;       raise TimeoutException(message, screen, stacktrace)
E       selenium.common.exceptions.TimeoutException: Message:

C:\Python34\lib\site-packages\selenium\webdriver\support\wait.py:80: TimeoutException</failure><system-err> Mon, 17 Dec 2018 16:46:29  INFO BasePage.py click [ line:127 ] =====执行点击事件======
 Mon, 17 Dec 2018 16:46:29  INFO BasePage.py find_element [ line:84 ] 当前元素定位类型：xpath，当前查找的元素表达式为：//ul[@class=&apos;headNav clearfix&apos;]//a[text()=&apos;登录&apos;]
 Mon, 17 Dec 2018 16:46:29  INFO BasePage.py find_element [ line:86 ] 开始等待元素在当前页面可见。
 Mon, 17 Dec 2018 16:46:29  INFO BasePage.py wait_eleVisible [ line:37 ] 等待结束，等待时间长为:0.06秒
 Mon, 17 Dec 2018 16:46:29  INFO BasePage.py input_text [ line:148 ] =====执行输入操作======
输入的数据为：13819480751
 Mon, 17 Dec 2018 16:46:29  INFO BasePage.py find_element [ line:84 ] 当前元素定位类型：xpath，当前查找的元素表达式为：//input[@class=&apos;user mobile&apos;]
 Mon, 17 Dec 2018 16:46:29  INFO BasePage.py find_element [ line:86 ] 开始等待元素在当前页面可见。
 Mon, 17 Dec 2018 16:46:29  INFO BasePage.py wait_eleVisible [ line:37 ] 等待结束，等待时间长为:0.05秒
 Mon, 17 Dec 2018 16:46:30  INFO BasePage.py input_text [ line:148 ] =====执行输入操作======
输入的数据为：abc123
 Mon, 17 Dec 2018 16:46:30  INFO BasePage.py find_element [ line:84 ] 当前元素定位类型：xpath，当前查找的元素表达式为：//input[@name=&apos;paswrd&apos;]
 Mon, 17 Dec 2018 16:46:30  INFO BasePage.py find_element [ line:86 ] 开始等待元素在当前页面可见。
 Mon, 17 Dec 2018 16:46:30  INFO BasePage.py wait_eleVisible [ line:37 ] 等待结束，等待时间长为:0.04秒
 Mon, 17 Dec 2018 16:46:30  INFO BasePage.py find_element [ line:84 ] 当前元素定位类型：xpath，当前查找的元素表达式为：//input[@id=&apos;captchas&apos;]
 Mon, 17 Dec 2018 16:46:30  INFO BasePage.py find_element [ line:86 ] 开始等待元素在当前页面可见。
 Mon, 17 Dec 2018 16:46:30  INFO BasePage.py wait_eleVisible [ line:37 ] 等待结束，等待时间长为:0.05秒
 Mon, 17 Dec 2018 16:46:30  INFO BasePage.py find_element [ line:84 ] 当前元素定位类型：xpath，当前查找的元素表达式为：/html/body/div[4]/div/div/div[2]/div/div[3]/div/div/img
 Mon, 17 Dec 2018 16:46:30  INFO BasePage.py find_element [ line:86 ] 开始等待元素在当前页面可见。
 Mon, 17 Dec 2018 16:46:30  INFO BasePage.py wait_eleVisible [ line:37 ] 等待结束，等待时间长为:0.04秒
 Mon, 17 Dec 2018 16:46:31  INFO BasePage.py get_verification_code [ line:232 ] 识别的验证码为：7178S
 Mon, 17 Dec 2018 16:46:31  INFO BasePage.py input_text [ line:148 ] =====执行输入操作======
输入的数据为：7178S
 Mon, 17 Dec 2018 16:46:31  INFO BasePage.py find_element [ line:84 ] 当前元素定位类型：xpath，当前查找的元素表达式为：//input[@id=&apos;captchas&apos;]
 Mon, 17 Dec 2018 16:46:31  INFO BasePage.py find_element [ line:86 ] 开始等待元素在当前页面可见。
 Mon, 17 Dec 2018 16:46:31  INFO BasePage.py wait_eleVisible [ line:37 ] 等待结束，等待时间长为:0.03秒
 Mon, 17 Dec 2018 16:46:31  INFO BasePage.py click [ line:127 ] =====执行点击事件======
 Mon, 17 Dec 2018 16:46:31  INFO BasePage.py find_element [ line:84 ] 当前元素定位类型：xpath，当前查找的元素表达式为：//input[@class=&apos;btn btn_c&apos;]
 Mon, 17 Dec 2018 16:46:31  INFO BasePage.py find_element [ line:86 ] 开始等待元素在当前页面可见。
 Mon, 17 Dec 2018 16:46:31  INFO BasePage.py wait_eleVisible [ line:37 ] 等待结束，等待时间长为:0.05秒
 Mon, 17 Dec 2018 16:46:33  INFO BasePage.py find_element [ line:84 ] 当前元素定位类型：xpath，当前查找的元素表达式为：//input[@id=&apos;captchas&apos;]
 Mon, 17 Dec 2018 16:46:33  INFO BasePage.py find_element [ line:86 ] 开始等待元素在当前页面可见。
 Mon, 17 Dec 2018 16:46:33  INFO BasePage.py wait_eleVisible [ line:37 ] 等待结束，等待时间长为:0.03秒
 Mon, 17 Dec 2018 16:46:33  INFO BasePage.py find_element [ line:84 ] 当前元素定位类型：xpath，当前查找的元素表达式为：/html/body/div[4]/div/div/div[2]/div/div[3]/div/div/img
 Mon, 17 Dec 2018 16:46:33  INFO BasePage.py find_element [ line:86 ] 开始等待元素在当前页面可见。
 Mon, 17 Dec 2018 16:46:33  INFO BasePage.py wait_eleVisible [ line:37 ] 等待结束，等待时间长为:0.03秒
 Mon, 17 Dec 2018 16:46:34  INFO BasePage.py get_verification_code [ line:232 ] 识别的验证码为：5961
 Mon, 17 Dec 2018 16:46:34  INFO BasePage.py input_text [ line:148 ] =====执行输入操作======
输入的数据为：5961
 Mon, 17 Dec 2018 16:46:34  INFO BasePage.py find_element [ line:84 ] 当前元素定位类型：xpath，当前查找的元素表达式为：//input[@id=&apos;captchas&apos;]
 Mon, 17 Dec 2018 16:46:34  INFO BasePage.py find_element [ line:86 ] 开始等待元素在当前页面可见。
 Mon, 17 Dec 2018 16:46:34  INFO BasePage.py wait_eleVisible [ line:37 ] 等待结束，等待时间长为:0.03秒
 Mon, 17 Dec 2018 16:46:34  INFO BasePage.py click [ line:127 ] =====执行点击事件======
 Mon, 17 Dec 2018 16:46:34  INFO BasePage.py find_element [ line:84 ] 当前元素定位类型：xpath，当前查找的元素表达式为：//input[@class=&apos;btn btn_c&apos;]
 Mon, 17 Dec 2018 16:46:34  INFO BasePage.py find_element [ line:86 ] 开始等待元素在当前页面可见。
 Mon, 17 Dec 2018 16:46:34  INFO BasePage.py wait_eleVisible [ line:37 ] 等待结束，等待时间长为:0.03秒
 Mon, 17 Dec 2018 16:46:36  INFO BasePage.py find_element [ line:84 ] 当前元素定位类型：xpath，当前查找的元素表达式为：//input[@id=&apos;captchas&apos;]
 Mon, 17 Dec 2018 16:46:36  INFO BasePage.py find_element [ line:86 ] 开始等待元素在当前页面可见。
 Mon, 17 Dec 2018 16:46:36  INFO BasePage.py wait_eleVisible [ line:37 ] 等待结束，等待时间长为:0.03秒
 Mon, 17 Dec 2018 16:46:36  INFO BasePage.py find_element [ line:84 ] 当前元素定位类型：xpath，当前查找的元素表达式为：/html/body/div[4]/div/div/div[2]/div/div[3]/div/div/img
 Mon, 17 Dec 2018 16:46:36  INFO BasePage.py find_element [ line:86 ] 开始等待元素在当前页面可见。
 Mon, 17 Dec 2018 16:46:36  INFO BasePage.py wait_eleVisible [ line:37 ] 等待结束，等待时间长为:0.02秒
 Mon, 17 Dec 2018 16:46:37  INFO BasePage.py get_verification_code [ line:232 ] 识别的验证码为：9160
 Mon, 17 Dec 2018 16:46:37  INFO BasePage.py input_text [ line:148 ] =====执行输入操作======
输入的数据为：9160
 Mon, 17 Dec 2018 16:46:37  INFO BasePage.py find_element [ line:84 ] 当前元素定位类型：xpath，当前查找的元素表达式为：//input[@id=&apos;captchas&apos;]
 Mon, 17 Dec 2018 16:46:37  INFO BasePage.py find_element [ line:86 ] 开始等待元素在当前页面可见。
 Mon, 17 Dec 2018 16:46:37  INFO BasePage.py wait_eleVisible [ line:37 ] 等待结束，等待时间长为:0.02秒
 Mon, 17 Dec 2018 16:46:37  INFO BasePage.py click [ line:127 ] =====执行点击事件======
 Mon, 17 Dec 2018 16:46:37  INFO BasePage.py find_element [ line:84 ] 当前元素定位类型：xpath，当前查找的元素表达式为：//input[@class=&apos;btn btn_c&apos;]
 Mon, 17 Dec 2018 16:46:37  INFO BasePage.py find_element [ line:86 ] 开始等待元素在当前页面可见。
 Mon, 17 Dec 2018 16:46:37  INFO BasePage.py wait_eleVisible [ line:37 ] 等待结束，等待时间长为:0.03秒
 Mon, 17 Dec 2018 16:46:38  INFO BasePage.py find_element [ line:84 ] 当前元素定位类型：xpath，当前查找的元素表达式为：//input[@id=&apos;captchas&apos;]
 Mon, 17 Dec 2018 16:46:38  INFO BasePage.py find_element [ line:86 ] 开始等待元素在当前页面可见。
 Mon, 17 Dec 2018 16:46:38  INFO BasePage.py wait_eleVisible [ line:37 ] 等待结束，等待时间长为:0.02秒
 Mon, 17 Dec 2018 16:46:38  INFO BasePage.py find_element [ line:84 ] 当前元素定位类型：xpath，当前查找的元素表达式为：/html/body/div[4]/div/div/div[2]/div/div[3]/div/div/img
 Mon, 17 Dec 2018 16:46:38  INFO BasePage.py find_element [ line:86 ] 开始等待元素在当前页面可见。
 Mon, 17 Dec 2018 16:46:38  INFO BasePage.py wait_eleVisible [ line:37 ] 等待结束，等待时间长为:0.02秒
 Mon, 17 Dec 2018 16:46:39  INFO BasePage.py get_verification_code [ line:232 ] 识别的验证码为：7649
 Mon, 17 Dec 2018 16:46:39  INFO BasePage.py input_text [ line:148 ] =====执行输入操作======
输入的数据为：7649
 Mon, 17 Dec 2018 16:46:39  INFO BasePage.py find_element [ line:84 ] 当前元素定位类型：xpath，当前查找的元素表达式为：//input[@id=&apos;captchas&apos;]
 Mon, 17 Dec 2018 16:46:39  INFO BasePage.py find_element [ line:86 ] 开始等待元素在当前页面可见。
 Mon, 17 Dec 2018 16:46:39  INFO BasePage.py wait_eleVisible [ line:37 ] 等待结束，等待时间长为:0.03秒
 Mon, 17 Dec 2018 16:46:39  INFO BasePage.py click [ line:127 ] =====执行点击事件======
 Mon, 17 Dec 2018 16:46:39  INFO BasePage.py find_element [ line:84 ] 当前元素定位类型：xpath，当前查找的元素表达式为：//input[@class=&apos;btn btn_c&apos;]
 Mon, 17 Dec 2018 16:46:39  INFO BasePage.py find_element [ line:86 ] 开始等待元素在当前页面可见。
 Mon, 17 Dec 2018 16:46:39  INFO BasePage.py wait_eleVisible [ line:37 ] 等待结束，等待时间长为:0.05秒
 Mon, 17 Dec 2018 16:46:42  INFO BasePage.py click [ line:127 ] =====执行点击事件======
 Mon, 17 Dec 2018 16:46:42  INFO BasePage.py find_element [ line:84 ] 当前元素定位类型：xpath，当前查找的元素表达式为：//li[@class=&apos;hot&apos;]//a[text()=&apos;秀百贝商城&apos;]
 Mon, 17 Dec 2018 16:46:42  INFO BasePage.py find_element [ line:86 ] 开始等待元素在当前页面可见。
 Mon, 17 Dec 2018 16:46:42  INFO BasePage.py wait_eleVisible [ line:37 ] 等待结束，等待时间长为:0.05秒
 Mon, 17 Dec 2018 16:46:44  INFO BasePage.py input_text [ line:148 ] =====执行输入操作======
输入的数据为：妲己
 Mon, 17 Dec 2018 16:46:44  INFO BasePage.py find_element [ line:84 ] 当前元素定位类型：xpath，当前查找的元素表达式为：//input[@id=&apos;search&apos;]
 Mon, 17 Dec 2018 16:46:44  INFO BasePage.py find_element [ line:86 ] 开始等待元素在当前页面可见。
 Mon, 17 Dec 2018 16:46:44  INFO BasePage.py wait_eleVisible [ line:37 ] 等待结束，等待时间长为:0.04秒
 Mon, 17 Dec 2018 16:46:44  INFO BasePage.py click [ line:127 ] =====执行点击事件======
 Mon, 17 Dec 2018 16:46:44  INFO BasePage.py find_element [ line:84 ] 当前元素定位类型：xpath，当前查找的元素表达式为：//i[@class=&apos;s-icon i-search&apos;]
 Mon, 17 Dec 2018 16:46:44  INFO BasePage.py find_element [ line:86 ] 开始等待元素在当前页面可见。
 Mon, 17 Dec 2018 16:46:44  INFO BasePage.py wait_eleVisible [ line:37 ] 等待结束，等待时间长为:0.04秒
 Mon, 17 Dec 2018 16:46:45  INFO BasePage.py click [ line:127 ] =====执行点击事件======
 Mon, 17 Dec 2018 16:46:45  INFO BasePage.py find_element [ line:84 ] 当前元素定位类型：xpath，当前查找的元素表达式为：//div[@class=&apos;goods-pic&apos;]
 Mon, 17 Dec 2018 16:46:45  INFO BasePage.py find_element [ line:86 ] 开始等待元素在当前页面可见。
 Mon, 17 Dec 2018 16:46:45  INFO BasePage.py wait_eleVisible [ line:37 ] 等待结束，等待时间长为:0.04秒
 Mon, 17 Dec 2018 16:46:45  INFO BasePage.py click [ line:127 ] =====执行点击事件======
 Mon, 17 Dec 2018 16:46:45  INFO BasePage.py find_element [ line:84 ] 当前元素定位类型：xpath，当前查找的元素表达式为：//li[text()=&apos;18岁&apos;]
 Mon, 17 Dec 2018 16:46:45  INFO BasePage.py find_element [ line:86 ] 开始等待元素在当前页面可见。
 Mon, 17 Dec 2018 16:46:46  INFO BasePage.py wait_eleVisible [ line:37 ] 等待结束，等待时间长为:1.19秒
 Mon, 17 Dec 2018 16:46:46  INFO BasePage.py click [ line:127 ] =====执行点击事件======
 Mon, 17 Dec 2018 16:46:46  INFO BasePage.py find_element [ line:84 ] 当前元素定位类型：xpath，当前查找的元素表达式为：//li[text()=&apos;18岁&apos;]
 Mon, 17 Dec 2018 16:46:46  INFO BasePage.py find_element [ line:86 ] 开始等待元素在当前页面可见。
 Mon, 17 Dec 2018 16:46:46  INFO BasePage.py wait_eleVisible [ line:37 ] 等待结束，等待时间长为:0.02秒
 Mon, 17 Dec 2018 16:46:46  INFO BasePage.py click [ line:127 ] =====执行点击事件======
 Mon, 17 Dec 2018 16:46:46  INFO BasePage.py find_element [ line:84 ] 当前元素定位类型：xpath，当前查找的元素表达式为：//span[@class=&apos;num-add&apos;]
 Mon, 17 Dec 2018 16:46:46  INFO BasePage.py find_element [ line:86 ] 开始等待元素在当前页面可见。
 Mon, 17 Dec 2018 16:46:46  INFO BasePage.py wait_eleVisible [ line:37 ] 等待结束，等待时间长为:0.04秒
 Mon, 17 Dec 2018 16:46:46  INFO BasePage.py click [ line:127 ] =====执行点击事件======
 Mon, 17 Dec 2018 16:46:46  INFO BasePage.py find_element [ line:84 ] 当前元素定位类型：xpath，当前查找的元素表达式为：//span[@class=&apos;num-add&apos;]
 Mon, 17 Dec 2018 16:46:46  INFO BasePage.py find_element [ line:86 ] 开始等待元素在当前页面可见。
 Mon, 17 Dec 2018 16:46:47  INFO BasePage.py wait_eleVisible [ line:37 ] 等待结束，等待时间长为:0.02秒
 Mon, 17 Dec 2018 16:46:47  INFO BasePage.py click [ line:127 ] =====执行点击事件======
 Mon, 17 Dec 2018 16:46:47  INFO BasePage.py find_element [ line:84 ] 当前元素定位类型：xpath，当前查找的元素表达式为：//a[@class=&apos;join-cart login&apos;]
 Mon, 17 Dec 2018 16:46:47  INFO BasePage.py find_element [ line:86 ] 开始等待元素在当前页面可见。
 Mon, 17 Dec 2018 16:46:47  INFO BasePage.py wait_eleVisible [ line:37 ] 等待结束，等待时间长为:0.04秒
 Mon, 17 Dec 2018 16:46:47  INFO BasePage.py click [ line:127 ] =====执行点击事件======
 Mon, 17 Dec 2018 16:46:47  INFO BasePage.py find_element [ line:84 ] 当前元素定位类型：xpath，当前查找的元素表达式为：//li[@class=&apos;nav-cart&apos;]//a[contains(text(),&apos;购物车&apos;)]
 Mon, 17 Dec 2018 16:46:47  INFO BasePage.py find_element [ line:86 ] 开始等待元素在当前页面可见。
 Mon, 17 Dec 2018 16:47:27  ERROR BasePage.py wait_eleVisible [ line:39 ] 等待元素超时.截取当前页面。
Traceback (most recent call last):
  File &quot;D:\Backup\我的文档\GitHub\web_automation\python_web自动化框架\PageObjects\BasePage.py&quot;, line 34, in wait_eleVisible
    WebDriverWait(self.driver,wait_times,1).until(EC.visibility_of_element_located((by,locator)))
  File &quot;C:\Python34\lib\site-packages\selenium\webdriver\support\wait.py&quot;, line 80, in until
    raise TimeoutException(message, screen, stacktrace)
selenium.common.exceptions.TimeoutException: Message: 

 Mon, 17 Dec 2018 16:47:28  INFO BasePage.py save_screenshots [ line:204 ] 已截取当前页面，文件路径：D:\Backup\我的文档\GitHub\web_automation\python_web自动化框架\ScreenShot\20181217_164727_838099761274.png
</system-err></testcase><testcase classname="TestCases.test_a_shopping_cart.Test_Shopping_cart" file="TestCases\test_a_shopping_cart.py" line="32" name="test_get_cookies" time="14.454649209976196"><system-err> Mon, 17 Dec 2018 16:47:41  INFO BasePage.py click [ line:127 ] =====执行点击事件======
 Mon, 17 Dec 2018 16:47:41  INFO BasePage.py find_element [ line:84 ] 当前元素定位类型：xpath，当前查找的元素表达式为：//li[@class=&apos;hot&apos;]//a[text()=&apos;秀百贝商城&apos;]
 Mon, 17 Dec 2018 16:47:41  INFO BasePage.py find_element [ line:86 ] 开始等待元素在当前页面可见。
 Mon, 17 Dec 2018 16:47:41  INFO BasePage.py wait_eleVisible [ line:37 ] 等待结束，等待时间长为:0.04秒
 Mon, 17 Dec 2018 16:47:42  INFO BasePage.py input_text [ line:148 ] =====执行输入操作======
输入的数据为：妲己
 Mon, 17 Dec 2018 16:47:42  INFO BasePage.py find_element [ line:84 ] 当前元素定位类型：xpath，当前查找的元素表达式为：//input[@id=&apos;search&apos;]
 Mon, 17 Dec 2018 16:47:42  INFO BasePage.py find_element [ line:86 ] 开始等待元素在当前页面可见。
 Mon, 17 Dec 2018 16:47:42  INFO BasePage.py wait_eleVisible [ line:37 ] 等待结束，等待时间长为:0.04秒
 Mon, 17 Dec 2018 16:47:42  INFO BasePage.py click [ line:127 ] =====执行点击事件======
 Mon, 17 Dec 2018 16:47:42  INFO BasePage.py find_element [ line:84 ] 当前元素定位类型：xpath，当前查找的元素表达式为：//i[@class=&apos;s-icon i-search&apos;]
 Mon, 17 Dec 2018 16:47:42  INFO BasePage.py find_element [ line:86 ] 开始等待元素在当前页面可见。
 Mon, 17 Dec 2018 16:47:42  INFO BasePage.py wait_eleVisible [ line:37 ] 等待结束，等待时间长为:0.04秒
 Mon, 17 Dec 2018 16:47:43  INFO BasePage.py click [ line:127 ] =====执行点击事件======
 Mon, 17 Dec 2018 16:47:43  INFO BasePage.py find_element [ line:84 ] 当前元素定位类型：xpath，当前查找的元素表达式为：//div[@class=&apos;goods-pic&apos;]
 Mon, 17 Dec 2018 16:47:43  INFO BasePage.py find_element [ line:86 ] 开始等待元素在当前页面可见。
 Mon, 17 Dec 2018 16:47:43  INFO BasePage.py wait_eleVisible [ line:37 ] 等待结束，等待时间长为:0.04秒
</system-err></testcase><testcase classname="TestCases.test_home_page_video.Test_Home_Page_video" file="TestCases\test_home_page_video.py" line="9" name="test_click_original_selected_picture" time="54.930315017700195"><failure message="selenium.common.exceptions.TimeoutException: Message:">self = &lt;TestCases.test_home_page_video.Test_Home_Page_video object at 0x000000000D9CA6A0&gt;
add_cookie_to_be_in_login_state = &lt;selenium.webdriver.chrome.webdriver.WebDriver (session=&quot;a73233847fe712fa0d197071f43146fa&quot;)&gt;

    @pytest.mark.gg
    @pytest.mark.usefixtures(&apos;add_cookie_to_be_in_login_state&apos;)
    def test_click_original_selected_picture(self,add_cookie_to_be_in_login_state):
        home=HomePage(add_cookie_to_be_in_login_state)
        dict_home=home.get_original_selected_title_authors_picture_time()
        #点击封面图
        home.click_original_selected_video_picture()
        video_details=VideoDetailPage(add_cookie_to_be_in_login_state)
&gt;       dict_video=video_details.get_video_title_authors_picture()

TestCases\test_home_page_video.py:18: 
_ _ _ _ _ _ _ _ _ _ _ _ _ _ _ _ _ _ _ _ _ _ _ _ _ _ _ _ _ _ _ _ _ _ _ _ _ _ _ _
PageObjects\video_details_page.py:59: in get_video_title_authors_picture
    dict_1[&apos;picture&apos;]=self.get_element_attribute(self.video_picture_xpath,&apos;style&apos;)
PageObjects\BasePage.py:174: in get_element_attribute
    ele = self.find_element(locator,by,wait_times,type)
PageObjects\BasePage.py:87: in find_element
    self.wait_eleVisible(locator,by,wait_times)
PageObjects\BasePage.py:42: in wait_eleVisible
    raise e
PageObjects\BasePage.py:34: in wait_eleVisible
    WebDriverWait(self.driver,wait_times,1).until(EC.visibility_of_element_located((by,locator)))
_ _ _ _ _ _ _ _ _ _ _ _ _ _ _ _ _ _ _ _ _ _ _ _ _ _ _ _ _ _ _ _ _ _ _ _ _ _ _ _

self = &lt;selenium.webdriver.support.wait.WebDriverWait (session=&quot;a73233847fe712fa0d197071f43146fa&quot;)&gt;
method = &lt;selenium.webdriver.support.expected_conditions.visibility_of_element_located object at 0x0000000002C26588&gt;
message = &apos;&apos;

    def until(self, method, message=&apos;&apos;):
        &quot;&quot;&quot;Calls the method provided with the driver as an argument until the \
        return value is not False.&quot;&quot;&quot;
        screen = None
        stacktrace = None
    
        end_time = time.time() + self._timeout
        while True:
            try:
                value = method(self._driver)
                if value:
                    return value
            except self._ignored_exceptions as exc:
                screen = getattr(exc, &apos;screen&apos;, None)
                stacktrace = getattr(exc, &apos;stacktrace&apos;, None)
            time.sleep(self._poll)
            if time.time() &gt; end_time:
                break
&gt;       raise TimeoutException(message, screen, stacktrace)
E       selenium.common.exceptions.TimeoutException: Message:

C:\Python34\lib\site-packages\selenium\webdriver\support\wait.py:80: TimeoutException</failure><system-err> Mon, 17 Dec 2018 16:47:55  INFO BasePage.py get_text [ line:160 ] =====获取元素的文本内容======
 Mon, 17 Dec 2018 16:47:55  INFO BasePage.py find_element [ line:84 ] 当前元素定位类型：xpath，当前查找的元素表达式为：//div[@class=&apos;tab-cont clearfix&apos;]//div[@class=&apos;v-name&apos;]
 Mon, 17 Dec 2018 16:47:55  INFO BasePage.py find_element [ line:86 ] 开始等待元素在当前页面可见。
 Mon, 17 Dec 2018 16:47:55  INFO BasePage.py wait_eleVisible [ line:37 ] 等待结束，等待时间长为:0.05秒
 Mon, 17 Dec 2018 16:47:55  INFO BasePage.py scroll_intoView [ line:122 ] 将元素滚动到可见区域。
 Mon, 17 Dec 2018 16:47:55  INFO BasePage.py get_text [ line:160 ] =====获取元素的文本内容======
 Mon, 17 Dec 2018 16:47:55  INFO BasePage.py find_element [ line:84 ] 当前元素定位类型：xpath，当前查找的元素表达式为：//div[@class=&apos;v-list headline-b&apos;]//div[@class=&apos;v-shop clearfix&apos;]//p
 Mon, 17 Dec 2018 16:47:55  INFO BasePage.py find_element [ line:86 ] 开始等待元素在当前页面可见。
 Mon, 17 Dec 2018 16:47:55  INFO BasePage.py wait_eleVisible [ line:37 ] 等待结束，等待时间长为:0.04秒
 Mon, 17 Dec 2018 16:47:55  INFO BasePage.py scroll_intoView [ line:122 ] 将元素滚动到可见区域。
 Mon, 17 Dec 2018 16:47:55  INFO BasePage.py get_element_attribute [ line:173 ] =====获取元素的属性值：src
 Mon, 17 Dec 2018 16:47:55  INFO BasePage.py find_element [ line:84 ] 当前元素定位类型：xpath，当前查找的元素表达式为：//div[@class=&apos;tab-cont clearfix&apos;]//div[@class=&apos;v-img&apos;]
 Mon, 17 Dec 2018 16:47:55  INFO BasePage.py find_element [ line:86 ] 开始等待元素在当前页面可见。
 Mon, 17 Dec 2018 16:47:55  INFO BasePage.py wait_eleVisible [ line:37 ] 等待结束，等待时间长为:0.04秒
 Mon, 17 Dec 2018 16:47:55  INFO BasePage.py scroll_intoView [ line:122 ] 将元素滚动到可见区域。
 Mon, 17 Dec 2018 16:47:55  INFO BasePage.py get_text [ line:160 ] =====获取元素的文本内容======
 Mon, 17 Dec 2018 16:47:55  INFO BasePage.py find_element [ line:84 ] 当前元素定位类型：xpath，当前查找的元素表达式为：//div[@class=&apos;tab-pic&apos;]//div[@class=&apos;video-bg&apos;]/span
 Mon, 17 Dec 2018 16:47:55  INFO BasePage.py find_element [ line:86 ] 开始等待元素在当前页面可见。
 Mon, 17 Dec 2018 16:47:55  INFO BasePage.py wait_eleVisible [ line:37 ] 等待结束，等待时间长为:0.04秒
 Mon, 17 Dec 2018 16:47:55  INFO BasePage.py scroll_intoView [ line:122 ] 将元素滚动到可见区域。
 Mon, 17 Dec 2018 16:47:55  INFO BasePage.py click [ line:127 ] =====执行点击事件======
 Mon, 17 Dec 2018 16:47:55  INFO BasePage.py find_element [ line:84 ] 当前元素定位类型：xpath，当前查找的元素表达式为：//div[@class=&apos;tab-cont clearfix&apos;]//div[@class=&apos;v-img&apos;]
 Mon, 17 Dec 2018 16:47:55  INFO BasePage.py find_element [ line:86 ] 开始等待元素在当前页面可见。
 Mon, 17 Dec 2018 16:47:55  INFO BasePage.py wait_eleVisible [ line:37 ] 等待结束，等待时间长为:0.02秒
 Mon, 17 Dec 2018 16:47:55  INFO BasePage.py scroll_intoView [ line:122 ] 将元素滚动到可见区域。
 Mon, 17 Dec 2018 16:47:56  INFO BasePage.py get_text [ line:160 ] =====获取元素的文本内容======
 Mon, 17 Dec 2018 16:47:56  INFO BasePage.py find_element [ line:84 ] 当前元素定位类型：xpath，当前查找的元素表达式为：//div[@class=&apos;v-tit&apos;]/h2
 Mon, 17 Dec 2018 16:47:56  INFO BasePage.py find_element [ line:86 ] 开始等待元素在当前页面可见。
 Mon, 17 Dec 2018 16:47:57  INFO BasePage.py wait_eleVisible [ line:37 ] 等待结束，等待时间长为:1.28秒
 Mon, 17 Dec 2018 16:47:57  INFO BasePage.py get_text [ line:160 ] =====获取元素的文本内容======
 Mon, 17 Dec 2018 16:47:57  INFO BasePage.py find_element [ line:84 ] 当前元素定位类型：xpath，当前查找的元素表达式为：//div[@class=&apos;store-l fl&apos;]//h4
 Mon, 17 Dec 2018 16:47:57  INFO BasePage.py find_element [ line:86 ] 开始等待元素在当前页面可见。
 Mon, 17 Dec 2018 16:47:57  INFO BasePage.py wait_eleVisible [ line:37 ] 等待结束，等待时间长为:0.06秒
 Mon, 17 Dec 2018 16:47:57  INFO BasePage.py get_element_attribute [ line:173 ] =====获取元素的属性值：style
 Mon, 17 Dec 2018 16:47:57  INFO BasePage.py find_element [ line:84 ] 当前元素定位类型：xpath，当前查找的元素表达式为：//div[@class=&apos;vjs-poster&apos;]
 Mon, 17 Dec 2018 16:47:57  INFO BasePage.py find_element [ line:86 ] 开始等待元素在当前页面可见。
 Mon, 17 Dec 2018 16:48:37  ERROR BasePage.py wait_eleVisible [ line:39 ] 等待元素超时.截取当前页面。
Traceback (most recent call last):
  File &quot;D:\Backup\我的文档\GitHub\web_automation\python_web自动化框架\PageObjects\BasePage.py&quot;, line 34, in wait_eleVisible
    WebDriverWait(self.driver,wait_times,1).until(EC.visibility_of_element_located((by,locator)))
  File &quot;C:\Python34\lib\site-packages\selenium\webdriver\support\wait.py&quot;, line 80, in until
    raise TimeoutException(message, screen, stacktrace)
selenium.common.exceptions.TimeoutException: Message: 

 Mon, 17 Dec 2018 16:48:38  INFO BasePage.py save_screenshots [ line:204 ] 已截取当前页面，文件路径：D:\Backup\我的文档\GitHub\web_automation\python_web自动化框架\ScreenShot\20181217_164837_114571934702.png
</system-err></testcase><testcase classname="TestCases.test_home_page_video.Test_Home_Page_video" file="TestCases\test_home_page_video.py" line="25" name="test_click_original_selected_title" time="34.97644400596619"><failure message="selenium.common.exceptions.TimeoutException: Message:">self = &lt;TestCases.test_home_page_video.Test_Home_Page_video object at 0x000000000D9D2320&gt;
add_cookie_to_be_in_login_state = &lt;selenium.webdriver.chrome.webdriver.WebDriver (session=&quot;2e74bada43f55f9c475c25d9c0b8df8c&quot;)&gt;

    @pytest.mark.gg
    @pytest.mark.usefixtures(&apos;add_cookie_to_be_in_login_state&apos;)
    def test_click_original_selected_title(self,add_cookie_to_be_in_login_state):
        home=HomePage(add_cookie_to_be_in_login_state)
        dict_home=home.get_original_selected_title_authors_picture_time()
        #点击标题
&gt;       home.click_original_selected_video_title()

TestCases\test_home_page_video.py:32: 
_ _ _ _ _ _ _ _ _ _ _ _ _ _ _ _ _ _ _ _ _ _ _ _ _ _ _ _ _ _ _ _ _ _ _ _ _ _ _ _
PageObjects\home_page.py:78: in click_original_selected_video_title
    self.wait_new_window_is_opened(current_handles)
PageObjects\BasePage.py:68: in wait_new_window_is_opened
    WebDriverWait(self.driver,10,1).until(EC.new_window_is_opened(current_handles))
_ _ _ _ _ _ _ _ _ _ _ _ _ _ _ _ _ _ _ _ _ _ _ _ _ _ _ _ _ _ _ _ _ _ _ _ _ _ _ _

self = &lt;selenium.webdriver.support.wait.WebDriverWait (session=&quot;2e74bada43f55f9c475c25d9c0b8df8c&quot;)&gt;
method = &lt;selenium.webdriver.support.expected_conditions.new_window_is_opened object at 0x0000000002C24DA0&gt;
message = &apos;&apos;

    def until(self, method, message=&apos;&apos;):
        &quot;&quot;&quot;Calls the method provided with the driver as an argument until the \
        return value is not False.&quot;&quot;&quot;
        screen = None
        stacktrace = None
    
        end_time = time.time() + self._timeout
        while True:
            try:
                value = method(self._driver)
                if value:
                    return value
            except self._ignored_exceptions as exc:
                screen = getattr(exc, &apos;screen&apos;, None)
                stacktrace = getattr(exc, &apos;stacktrace&apos;, None)
            time.sleep(self._poll)
            if time.time() &gt; end_time:
                break
&gt;       raise TimeoutException(message, screen, stacktrace)
E       selenium.common.exceptions.TimeoutException: Message:

C:\Python34\lib\site-packages\selenium\webdriver\support\wait.py:80: TimeoutException</failure><system-err> Mon, 17 Dec 2018 16:48:51  INFO BasePage.py get_text [ line:160 ] =====获取元素的文本内容======
 Mon, 17 Dec 2018 16:48:51  INFO BasePage.py find_element [ line:84 ] 当前元素定位类型：xpath，当前查找的元素表达式为：//div[@class=&apos;tab-cont clearfix&apos;]//div[@class=&apos;v-name&apos;]
 Mon, 17 Dec 2018 16:48:51  INFO BasePage.py find_element [ line:86 ] 开始等待元素在当前页面可见。
 Mon, 17 Dec 2018 16:48:51  INFO BasePage.py wait_eleVisible [ line:37 ] 等待结束，等待时间长为:0.05秒
 Mon, 17 Dec 2018 16:48:51  INFO BasePage.py scroll_intoView [ line:122 ] 将元素滚动到可见区域。
 Mon, 17 Dec 2018 16:48:51  INFO BasePage.py get_text [ line:160 ] =====获取元素的文本内容======
 Mon, 17 Dec 2018 16:48:51  INFO BasePage.py find_element [ line:84 ] 当前元素定位类型：xpath，当前查找的元素表达式为：//div[@class=&apos;v-list headline-b&apos;]//div[@class=&apos;v-shop clearfix&apos;]//p
 Mon, 17 Dec 2018 16:48:51  INFO BasePage.py find_element [ line:86 ] 开始等待元素在当前页面可见。
 Mon, 17 Dec 2018 16:48:51  INFO BasePage.py wait_eleVisible [ line:37 ] 等待结束，等待时间长为:0.04秒
 Mon, 17 Dec 2018 16:48:51  INFO BasePage.py scroll_intoView [ line:122 ] 将元素滚动到可见区域。
 Mon, 17 Dec 2018 16:48:51  INFO BasePage.py get_element_attribute [ line:173 ] =====获取元素的属性值：src
 Mon, 17 Dec 2018 16:48:51  INFO BasePage.py find_element [ line:84 ] 当前元素定位类型：xpath，当前查找的元素表达式为：//div[@class=&apos;tab-cont clearfix&apos;]//div[@class=&apos;v-img&apos;]
 Mon, 17 Dec 2018 16:48:51  INFO BasePage.py find_element [ line:86 ] 开始等待元素在当前页面可见。
 Mon, 17 Dec 2018 16:48:51  INFO BasePage.py wait_eleVisible [ line:37 ] 等待结束，等待时间长为:0.04秒
 Mon, 17 Dec 2018 16:48:51  INFO BasePage.py scroll_intoView [ line:122 ] 将元素滚动到可见区域。
 Mon, 17 Dec 2018 16:48:51  INFO BasePage.py get_text [ line:160 ] =====获取元素的文本内容======
 Mon, 17 Dec 2018 16:48:51  INFO BasePage.py find_element [ line:84 ] 当前元素定位类型：xpath，当前查找的元素表达式为：//div[@class=&apos;tab-pic&apos;]//div[@class=&apos;video-bg&apos;]/span
 Mon, 17 Dec 2018 16:48:51  INFO BasePage.py find_element [ line:86 ] 开始等待元素在当前页面可见。
 Mon, 17 Dec 2018 16:48:51  INFO BasePage.py wait_eleVisible [ line:37 ] 等待结束，等待时间长为:0.04秒
 Mon, 17 Dec 2018 16:48:51  INFO BasePage.py scroll_intoView [ line:122 ] 将元素滚动到可见区域。
 Mon, 17 Dec 2018 16:48:51  INFO BasePage.py click [ line:127 ] =====执行点击事件======
 Mon, 17 Dec 2018 16:48:51  INFO BasePage.py find_element [ line:84 ] 当前元素定位类型：xpath，当前查找的元素表达式为：//div[@class=&apos;tab-cont clearfix&apos;]//div[@class=&apos;v-name&apos;]
 Mon, 17 Dec 2018 16:48:51  INFO BasePage.py find_element [ line:86 ] 开始等待元素在当前页面可见。
 Mon, 17 Dec 2018 16:48:51  INFO BasePage.py wait_eleVisible [ line:37 ] 等待结束，等待时间长为:0.02秒
 Mon, 17 Dec 2018 16:48:51  INFO BasePage.py scroll_intoView [ line:122 ] 将元素滚动到可见区域。
</system-err></testcase><testcase classname="TestCases.test_home_page_video.Test_Home_Page_video" file="TestCases\test_home_page_video.py" line="41" name="test_click_original_selected_left_arrow" time="16.93487811088562"><system-err> Mon, 17 Dec 2018 16:49:26  INFO BasePage.py get_text [ line:160 ] =====获取元素的文本内容======
 Mon, 17 Dec 2018 16:49:26  INFO BasePage.py find_element [ line:84 ] 当前元素定位类型：xpath，当前查找的元素表达式为：//div[@class=&apos;tab-cont clearfix&apos;]//div[@class=&apos;v-name&apos;]
 Mon, 17 Dec 2018 16:49:26  INFO BasePage.py find_element [ line:86 ] 开始等待元素在当前页面可见。
 Mon, 17 Dec 2018 16:49:27  INFO BasePage.py wait_eleVisible [ line:37 ] 等待结束，等待时间长为:0.05秒
 Mon, 17 Dec 2018 16:49:27  INFO BasePage.py scroll_intoView [ line:122 ] 将元素滚动到可见区域。
 Mon, 17 Dec 2018 16:49:27  INFO BasePage.py click [ line:127 ] =====执行点击事件======
 Mon, 17 Dec 2018 16:49:27  INFO BasePage.py find_element [ line:84 ] 当前元素定位类型：xpath，当前查找的元素表达式为：//div[@class=&apos;v-list headline-b&apos;]//li[@class=&apos;i-prev &apos;]
 Mon, 17 Dec 2018 16:49:27  INFO BasePage.py find_element [ line:86 ] 开始等待元素在当前页面可见。
 Mon, 17 Dec 2018 16:49:27  INFO BasePage.py wait_eleVisible [ line:37 ] 等待结束，等待时间长为:0.04秒
 Mon, 17 Dec 2018 16:49:27  INFO BasePage.py scroll_intoView [ line:122 ] 将元素滚动到可见区域。
 Mon, 17 Dec 2018 16:49:29  INFO BasePage.py get_text [ line:160 ] =====获取元素的文本内容======
 Mon, 17 Dec 2018 16:49:29  INFO BasePage.py find_element [ line:84 ] 当前元素定位类型：xpath，当前查找的元素表达式为：/html/body/div[9]/div[4]/div/div[2]/div[2]/div/ul[3]/li[1]/div[2]/div[1]/a/p
 Mon, 17 Dec 2018 16:49:29  INFO BasePage.py find_element [ line:86 ] 开始等待元素在当前页面可见。
 Mon, 17 Dec 2018 16:49:29  INFO BasePage.py wait_eleVisible [ line:37 ] 等待结束，等待时间长为:0.05秒
 Mon, 17 Dec 2018 16:49:29  INFO BasePage.py scroll_intoView [ line:122 ] 将元素滚动到可见区域。
 Mon, 17 Dec 2018 16:49:29  INFO BasePage.py click [ line:127 ] =====执行点击事件======
 Mon, 17 Dec 2018 16:49:29  INFO BasePage.py find_element [ line:84 ] 当前元素定位类型：xpath，当前查找的元素表达式为：//div[@class=&apos;v-list headline-b&apos;]//li[@class=&apos;i-next &apos;]
 Mon, 17 Dec 2018 16:49:29  INFO BasePage.py find_element [ line:86 ] 开始等待元素在当前页面可见。
 Mon, 17 Dec 2018 16:49:29  INFO BasePage.py wait_eleVisible [ line:37 ] 等待结束，等待时间长为:0.04秒
 Mon, 17 Dec 2018 16:49:29  INFO BasePage.py scroll_intoView [ line:122 ] 将元素滚动到可见区域。
 Mon, 17 Dec 2018 16:49:31  INFO BasePage.py click [ line:127 ] =====执行点击事件======
 Mon, 17 Dec 2018 16:49:31  INFO BasePage.py find_element [ line:84 ] 当前元素定位类型：xpath，当前查找的元素表达式为：//div[@class=&apos;v-list headline-b&apos;]//li[@class=&apos;i-next &apos;]
 Mon, 17 Dec 2018 16:49:31  INFO BasePage.py find_element [ line:86 ] 开始等待元素在当前页面可见。
 Mon, 17 Dec 2018 16:49:31  INFO BasePage.py wait_eleVisible [ line:37 ] 等待结束，等待时间长为:0.04秒
 Mon, 17 Dec 2018 16:49:31  INFO BasePage.py scroll_intoView [ line:122 ] 将元素滚动到可见区域。
 Mon, 17 Dec 2018 16:49:31  INFO BasePage.py get_text [ line:160 ] =====获取元素的文本内容======
 Mon, 17 Dec 2018 16:49:31  INFO BasePage.py find_element [ line:84 ] 当前元素定位类型：xpath，当前查找的元素表达式为：/html/body/div[9]/div[4]/div/div[2]/div[2]/div/ul[2]/li[1]/div[2]/div[1]/a/p
 Mon, 17 Dec 2018 16:49:31  INFO BasePage.py find_element [ line:86 ] 开始等待元素在当前页面可见。
 Mon, 17 Dec 2018 16:49:31  INFO BasePage.py wait_eleVisible [ line:37 ] 等待结束，等待时间长为:0.06秒
 Mon, 17 Dec 2018 16:49:31  INFO BasePage.py scroll_intoView [ line:122 ] 将元素滚动到可见区域。
</system-err></testcase></testsuite>